{
  "/Users/karthickragavendran/Desktop/zillow-clone-safe/src/config/urql.ts": {
    "path": "/Users/karthickragavendran/Desktop/zillow-clone-safe/src/config/urql.ts",
    "statementMap": {
      "0": {
        "start": {
          "line": 6,
          "column": 22
        },
        "end": {
          "line": 9,
          "column": 2
        }
      }
    },
    "fnMap": {},
    "branchMap": {},
    "s": {
      "0": 2
    },
    "f": {},
    "b": {},
    "_coverageSchema": "1a1c01bbd47fc00a2c39e90264f33305004495a9",
    "hash": "b350bdb77769c08759bc6481b910c51a54e1d624"
  },
  "/Users/karthickragavendran/Desktop/zillow-clone-safe/src/config/firebase.ts": {
    "path": "/Users/karthickragavendran/Desktop/zillow-clone-safe/src/config/firebase.ts",
    "statementMap": {
      "0": {
        "start": {
          "line": 7,
          "column": 23
        },
        "end": {
          "line": 15,
          "column": 1
        }
      },
      "1": {
        "start": {
          "line": 18,
          "column": 27
        },
        "end": {
          "line": 18,
          "column": 56
        }
      },
      "2": {
        "start": {
          "line": 20,
          "column": 18
        },
        "end": {
          "line": 20,
          "column": 43
        }
      },
      "3": {
        "start": {
          "line": 21,
          "column": 20
        },
        "end": {
          "line": 21,
          "column": 40
        }
      },
      "4": {
        "start": {
          "line": 23,
          "column": 27
        },
        "end": {
          "line": 26,
          "column": 1
        }
      }
    },
    "fnMap": {},
    "branchMap": {},
    "s": {
      "0": 2,
      "1": 2,
      "2": 2,
      "3": 2,
      "4": 2
    },
    "f": {},
    "b": {},
    "_coverageSchema": "1a1c01bbd47fc00a2c39e90264f33305004495a9",
    "hash": "ffe3c90771553661e1ee4b6e1b88e720436c2615"
  },
  "/Users/karthickragavendran/Desktop/zillow-clone-safe/src/store/user/userActions.ts": {
    "path": "/Users/karthickragavendran/Desktop/zillow-clone-safe/src/store/user/userActions.ts",
    "statementMap": {
      "0": {
        "start": {
          "line": 18,
          "column": 22
        },
        "end": {
          "line": 23,
          "column": 1
        }
      },
      "1": {
        "start": {
          "line": 21,
          "column": 4
        },
        "end": {
          "line": 21,
          "column": 59
        }
      },
      "2": {
        "start": {
          "line": 25,
          "column": 22
        },
        "end": {
          "line": 36,
          "column": 1
        }
      },
      "3": {
        "start": {
          "line": 28,
          "column": 27
        },
        "end": {
          "line": 32,
          "column": 5
        }
      },
      "4": {
        "start": {
          "line": 33,
          "column": 21
        },
        "end": {
          "line": 33,
          "column": 35
        }
      },
      "5": {
        "start": {
          "line": 34,
          "column": 4
        },
        "end": {
          "line": 34,
          "column": 57
        }
      },
      "6": {
        "start": {
          "line": 34,
          "column": 21
        },
        "end": {
          "line": 34,
          "column": 57
        }
      },
      "7": {
        "start": {
          "line": 38,
          "column": 23
        },
        "end": {
          "line": 40,
          "column": 2
        }
      },
      "8": {
        "start": {
          "line": 39,
          "column": 2
        },
        "end": {
          "line": 39,
          "column": 29
        }
      },
      "9": {
        "start": {
          "line": 42,
          "column": 30
        },
        "end": {
          "line": 47,
          "column": 1
        }
      },
      "10": {
        "start": {
          "line": 45,
          "column": 4
        },
        "end": {
          "line": 45,
          "column": 45
        }
      },
      "11": {
        "start": {
          "line": 49,
          "column": 28
        },
        "end": {
          "line": 51,
          "column": 2
        }
      },
      "12": {
        "start": {
          "line": 50,
          "column": 2
        },
        "end": {
          "line": 50,
          "column": 55
        }
      },
      "13": {
        "start": {
          "line": 53,
          "column": 29
        },
        "end": {
          "line": 56,
          "column": 2
        }
      },
      "14": {
        "start": {
          "line": 54,
          "column": 24
        },
        "end": {
          "line": 54,
          "column": 70
        }
      },
      "15": {
        "start": {
          "line": 55,
          "column": 2
        },
        "end": {
          "line": 55,
          "column": 23
        }
      }
    },
    "fnMap": {
      "0": {
        "name": "(anonymous_0)",
        "decl": {
          "start": {
            "line": 20,
            "column": 2
          },
          "end": {
            "line": 20,
            "column": 3
          }
        },
        "loc": {
          "start": {
            "line": 20,
            "column": 45
          },
          "end": {
            "line": 22,
            "column": 3
          }
        },
        "line": 20
      },
      "1": {
        "name": "(anonymous_1)",
        "decl": {
          "start": {
            "line": 27,
            "column": 2
          },
          "end": {
            "line": 27,
            "column": 3
          }
        },
        "loc": {
          "start": {
            "line": 27,
            "column": 58
          },
          "end": {
            "line": 35,
            "column": 3
          }
        },
        "line": 27
      },
      "2": {
        "name": "(anonymous_2)",
        "decl": {
          "start": {
            "line": 38,
            "column": 56
          },
          "end": {
            "line": 38,
            "column": 57
          }
        },
        "loc": {
          "start": {
            "line": 38,
            "column": 68
          },
          "end": {
            "line": 40,
            "column": 1
          }
        },
        "line": 38
      },
      "3": {
        "name": "(anonymous_3)",
        "decl": {
          "start": {
            "line": 44,
            "column": 2
          },
          "end": {
            "line": 44,
            "column": 3
          }
        },
        "loc": {
          "start": {
            "line": 44,
            "column": 27
          },
          "end": {
            "line": 46,
            "column": 3
          }
        },
        "line": 44
      },
      "4": {
        "name": "(anonymous_4)",
        "decl": {
          "start": {
            "line": 49,
            "column": 66
          },
          "end": {
            "line": 49,
            "column": 67
          }
        },
        "loc": {
          "start": {
            "line": 49,
            "column": 78
          },
          "end": {
            "line": 51,
            "column": 1
          }
        },
        "line": 49
      },
      "5": {
        "name": "(anonymous_5)",
        "decl": {
          "start": {
            "line": 53,
            "column": 60
          },
          "end": {
            "line": 53,
            "column": 61
          }
        },
        "loc": {
          "start": {
            "line": 53,
            "column": 72
          },
          "end": {
            "line": 56,
            "column": 1
          }
        },
        "line": 53
      }
    },
    "branchMap": {
      "0": {
        "loc": {
          "start": {
            "line": 34,
            "column": 4
          },
          "end": {
            "line": 34,
            "column": 57
          }
        },
        "type": "if",
        "locations": [
          {
            "start": {
              "line": 34,
              "column": 4
            },
            "end": {
              "line": 34,
              "column": 57
            }
          },
          {
            "start": {},
            "end": {}
          }
        ],
        "line": 34
      }
    },
    "s": {
      "0": 2,
      "1": 0,
      "2": 2,
      "3": 0,
      "4": 0,
      "5": 0,
      "6": 0,
      "7": 2,
      "8": 0,
      "9": 2,
      "10": 0,
      "11": 2,
      "12": 0,
      "13": 2,
      "14": 0,
      "15": 0
    },
    "f": {
      "0": 0,
      "1": 0,
      "2": 0,
      "3": 0,
      "4": 0,
      "5": 0
    },
    "b": {
      "0": [
        0,
        0
      ]
    },
    "_coverageSchema": "1a1c01bbd47fc00a2c39e90264f33305004495a9",
    "hash": "ea2840d60d5332fada2dcb1f14047976d0d0488e"
  },
  "/Users/karthickragavendran/Desktop/zillow-clone-safe/src/store/user/userSlice.ts": {
    "path": "/Users/karthickragavendran/Desktop/zillow-clone-safe/src/store/user/userSlice.ts",
    "statementMap": {
      "0": {
        "start": {
          "line": 13,
          "column": 32
        },
        "end": {
          "line": 21,
          "column": 1
        }
      },
      "1": {
        "start": {
          "line": 26,
          "column": 2
        },
        "end": {
          "line": 39,
          "column": 3
        }
      },
      "2": {
        "start": {
          "line": 35,
          "column": 2
        },
        "end": {
          "line": 39,
          "column": 3
        }
      },
      "3": {
        "start": {
          "line": 36,
          "column": 4
        },
        "end": {
          "line": 36,
          "column": 31
        }
      },
      "4": {
        "start": {
          "line": 37,
          "column": 4
        },
        "end": {
          "line": 37,
          "column": 27
        }
      },
      "5": {
        "start": {
          "line": 38,
          "column": 4
        },
        "end": {
          "line": 38,
          "column": 23
        }
      },
      "6": {
        "start": {
          "line": 41,
          "column": 25
        },
        "end": {
          "line": 94,
          "column": 2
        }
      },
      "7": {
        "start": {
          "line": 46,
          "column": 6
        },
        "end": {
          "line": 46,
          "column": 50
        }
      },
      "8": {
        "start": {
          "line": 47,
          "column": 6
        },
        "end": {
          "line": 47,
          "column": 66
        }
      },
      "9": {
        "start": {
          "line": 48,
          "column": 6
        },
        "end": {
          "line": 48,
          "column": 28
        }
      },
      "10": {
        "start": {
          "line": 49,
          "column": 6
        },
        "end": {
          "line": 49,
          "column": 27
        }
      },
      "11": {
        "start": {
          "line": 50,
          "column": 6
        },
        "end": {
          "line": 50,
          "column": 25
        }
      },
      "12": {
        "start": {
          "line": 53,
          "column": 21
        },
        "end": {
          "line": 53,
          "column": 33
        }
      },
      "13": {
        "start": {
          "line": 95,
          "column": 27
        },
        "end": {
          "line": 95,
          "column": 44
        }
      }
    },
    "fnMap": {
      "0": {
        "name": "(anonymous_0)",
        "decl": {
          "start": {
            "line": 26,
            "column": 2
          },
          "end": {
            "line": 26,
            "column": 3
          }
        },
        "loc": {
          "start": {
            "line": 35,
            "column": 2
          },
          "end": {
            "line": 39,
            "column": 3
          }
        },
        "line": 35
      },
      "1": {
        "name": "(anonymous_1)",
        "decl": {
          "start": {
            "line": 35,
            "column": 2
          },
          "end": {
            "line": 35,
            "column": 3
          }
        },
        "loc": {
          "start": {
            "line": 35,
            "column": 39
          },
          "end": {
            "line": 39,
            "column": 3
          }
        },
        "line": 35
      },
      "2": {
        "name": "(anonymous_2)",
        "decl": {
          "start": {
            "line": 45,
            "column": 13
          },
          "end": {
            "line": 45,
            "column": 14
          }
        },
        "loc": {
          "start": {
            "line": 45,
            "column": 60
          },
          "end": {
            "line": 51,
            "column": 5
          }
        },
        "line": 45
      },
      "3": {
        "name": "(anonymous_3)",
        "decl": {
          "start": {
            "line": 53,
            "column": 15
          },
          "end": {
            "line": 53,
            "column": 16
          }
        },
        "loc": {
          "start": {
            "line": 53,
            "column": 21
          },
          "end": {
            "line": 53,
            "column": 33
          }
        },
        "line": 53
      }
    },
    "branchMap": {
      "0": {
        "loc": {
          "start": {
            "line": 27,
            "column": 4
          },
          "end": {
            "line": 27,
            "column": 21
          }
        },
        "type": "default-arg",
        "locations": [
          {
            "start": {
              "line": 27,
              "column": 16
            },
            "end": {
              "line": 27,
              "column": 21
            }
          }
        ],
        "line": 27
      },
      "1": {
        "loc": {
          "start": {
            "line": 28,
            "column": 4
          },
          "end": {
            "line": 28,
            "column": 19
          }
        },
        "type": "default-arg",
        "locations": [
          {
            "start": {
              "line": 28,
              "column": 14
            },
            "end": {
              "line": 28,
              "column": 19
            }
          }
        ],
        "line": 28
      },
      "2": {
        "loc": {
          "start": {
            "line": 29,
            "column": 4
          },
          "end": {
            "line": 29,
            "column": 17
          }
        },
        "type": "default-arg",
        "locations": [
          {
            "start": {
              "line": 29,
              "column": 12
            },
            "end": {
              "line": 29,
              "column": 17
            }
          }
        ],
        "line": 29
      },
      "3": {
        "loc": {
          "start": {
            "line": 46,
            "column": 23
          },
          "end": {
            "line": 46,
            "column": 50
          }
        },
        "type": "binary-expr",
        "locations": [
          {
            "start": {
              "line": 46,
              "column": 23
            },
            "end": {
              "line": 46,
              "column": 42
            }
          },
          {
            "start": {
              "line": 46,
              "column": 46
            },
            "end": {
              "line": 46,
              "column": 50
            }
          }
        ],
        "line": 46
      },
      "4": {
        "loc": {
          "start": {
            "line": 47,
            "column": 31
          },
          "end": {
            "line": 47,
            "column": 66
          }
        },
        "type": "binary-expr",
        "locations": [
          {
            "start": {
              "line": 47,
              "column": 31
            },
            "end": {
              "line": 47,
              "column": 58
            }
          },
          {
            "start": {
              "line": 47,
              "column": 62
            },
            "end": {
              "line": 47,
              "column": 66
            }
          }
        ],
        "line": 47
      }
    },
    "s": {
      "0": 2,
      "1": 2,
      "2": 30,
      "3": 0,
      "4": 0,
      "5": 0,
      "6": 2,
      "7": 0,
      "8": 0,
      "9": 0,
      "10": 0,
      "11": 0,
      "12": 0,
      "13": 2
    },
    "f": {
      "0": 30,
      "1": 0,
      "2": 0,
      "3": 0
    },
    "b": {
      "0": [
        20
      ],
      "1": [
        20
      ],
      "2": [
        20
      ],
      "3": [
        0,
        0
      ],
      "4": [
        0,
        0
      ]
    },
    "_coverageSchema": "1a1c01bbd47fc00a2c39e90264f33305004495a9",
    "hash": "ee4fff071ed228cdd5e11daa76589ed2399b3e4e"
  },
  "/Users/karthickragavendran/Desktop/zillow-clone-safe/src/store/user/userSelectors.ts": {
    "path": "/Users/karthickragavendran/Desktop/zillow-clone-safe/src/store/user/userSelectors.ts",
    "statementMap": {
      "0": {
        "start": {
          "line": 3,
          "column": 26
        },
        "end": {
          "line": 3,
          "column": 58
        }
      },
      "1": {
        "start": {
          "line": 3,
          "column": 48
        },
        "end": {
          "line": 3,
          "column": 58
        }
      }
    },
    "fnMap": {
      "0": {
        "name": "(anonymous_0)",
        "decl": {
          "start": {
            "line": 3,
            "column": 26
          },
          "end": {
            "line": 3,
            "column": 27
          }
        },
        "loc": {
          "start": {
            "line": 3,
            "column": 48
          },
          "end": {
            "line": 3,
            "column": 58
          }
        },
        "line": 3
      }
    },
    "branchMap": {},
    "s": {
      "0": 2,
      "1": 0
    },
    "f": {
      "0": 0
    },
    "b": {},
    "_coverageSchema": "1a1c01bbd47fc00a2c39e90264f33305004495a9",
    "hash": "3ac372c6d6123e89f3072ef87d3d0787de6ef7fa"
  },
  "/Users/karthickragavendran/Desktop/zillow-clone-safe/src/store/user/userHooks.ts": {
    "path": "/Users/karthickragavendran/Desktop/zillow-clone-safe/src/store/user/userHooks.ts",
    "statementMap": {
      "0": {
        "start": {
          "line": 8,
          "column": 19
        },
        "end": {
          "line": 8,
          "column": 35
        }
      },
      "1": {
        "start": {
          "line": 9,
          "column": 2
        },
        "end": {
          "line": 16,
          "column": 16
        }
      },
      "2": {
        "start": {
          "line": 10,
          "column": 24
        },
        "end": {
          "line": 14,
          "column": 6
        }
      },
      "3": {
        "start": {
          "line": 11,
          "column": 6
        },
        "end": {
          "line": 13,
          "column": 34
        }
      },
      "4": {
        "start": {
          "line": 12,
          "column": 8
        },
        "end": {
          "line": 12,
          "column": 75
        }
      },
      "5": {
        "start": {
          "line": 13,
          "column": 11
        },
        "end": {
          "line": 13,
          "column": 34
        }
      },
      "6": {
        "start": {
          "line": 15,
          "column": 4
        },
        "end": {
          "line": 15,
          "column": 22
        }
      }
    },
    "fnMap": {
      "0": {
        "name": "useUserListener",
        "decl": {
          "start": {
            "line": 7,
            "column": 16
          },
          "end": {
            "line": 7,
            "column": 31
          }
        },
        "loc": {
          "start": {
            "line": 7,
            "column": 34
          },
          "end": {
            "line": 17,
            "column": 1
          }
        },
        "line": 7
      },
      "1": {
        "name": "(anonymous_1)",
        "decl": {
          "start": {
            "line": 9,
            "column": 12
          },
          "end": {
            "line": 9,
            "column": 13
          }
        },
        "loc": {
          "start": {
            "line": 9,
            "column": 18
          },
          "end": {
            "line": 16,
            "column": 3
          }
        },
        "line": 9
      },
      "2": {
        "name": "(anonymous_2)",
        "decl": {
          "start": {
            "line": 10,
            "column": 49
          },
          "end": {
            "line": 10,
            "column": 50
          }
        },
        "loc": {
          "start": {
            "line": 10,
            "column": 59
          },
          "end": {
            "line": 14,
            "column": 5
          }
        },
        "line": 10
      }
    },
    "branchMap": {
      "0": {
        "loc": {
          "start": {
            "line": 11,
            "column": 6
          },
          "end": {
            "line": 13,
            "column": 34
          }
        },
        "type": "if",
        "locations": [
          {
            "start": {
              "line": 11,
              "column": 6
            },
            "end": {
              "line": 13,
              "column": 34
            }
          },
          {
            "start": {
              "line": 13,
              "column": 11
            },
            "end": {
              "line": 13,
              "column": 34
            }
          }
        ],
        "line": 11
      }
    },
    "s": {
      "0": 0,
      "1": 0,
      "2": 0,
      "3": 0,
      "4": 0,
      "5": 0,
      "6": 0
    },
    "f": {
      "0": 0,
      "1": 0,
      "2": 0
    },
    "b": {
      "0": [
        0,
        0
      ]
    },
    "_coverageSchema": "1a1c01bbd47fc00a2c39e90264f33305004495a9",
    "hash": "3b8a0cc57cf64a2b919533429aa818a584364a4e"
  },
  "/Users/karthickragavendran/Desktop/zillow-clone-safe/src/store/user/index.ts": {
    "path": "/Users/karthickragavendran/Desktop/zillow-clone-safe/src/store/user/index.ts",
    "statementMap": {},
    "fnMap": {},
    "branchMap": {},
    "s": {},
    "f": {},
    "b": {},
    "_coverageSchema": "1a1c01bbd47fc00a2c39e90264f33305004495a9",
    "hash": "c956ad7fd9d33f90e25dfb822f19a071817e8a74"
  },
  "/Users/karthickragavendran/Desktop/zillow-clone-safe/src/store/cities/citySlice.ts": {
    "path": "/Users/karthickragavendran/Desktop/zillow-clone-safe/src/store/cities/citySlice.ts",
    "statementMap": {
      "0": {
        "start": {
          "line": 39,
          "column": 32
        },
        "end": {
          "line": 58,
          "column": 1
        }
      },
      "1": {
        "start": {
          "line": 60,
          "column": 18
        },
        "end": {
          "line": 113,
          "column": 2
        }
      },
      "2": {
        "start": {
          "line": 68,
          "column": 6
        },
        "end": {
          "line": 68,
          "column": 43
        }
      },
      "3": {
        "start": {
          "line": 71,
          "column": 6
        },
        "end": {
          "line": 71,
          "column": 44
        }
      },
      "4": {
        "start": {
          "line": 77,
          "column": 6
        },
        "end": {
          "line": 77,
          "column": 46
        }
      },
      "5": {
        "start": {
          "line": 81,
          "column": 6
        },
        "end": {
          "line": 81,
          "column": 37
        }
      },
      "6": {
        "start": {
          "line": 84,
          "column": 6
        },
        "end": {
          "line": 84,
          "column": 40
        }
      },
      "7": {
        "start": {
          "line": 91,
          "column": 51
        },
        "end": {
          "line": 91,
          "column": 65
        }
      },
      "8": {
        "start": {
          "line": 92,
          "column": 6
        },
        "end": {
          "line": 92,
          "column": 50
        }
      },
      "9": {
        "start": {
          "line": 93,
          "column": 6
        },
        "end": {
          "line": 93,
          "column": 44
        }
      },
      "10": {
        "start": {
          "line": 94,
          "column": 6
        },
        "end": {
          "line": 94,
          "column": 46
        }
      },
      "11": {
        "start": {
          "line": 101,
          "column": 6
        },
        "end": {
          "line": 101,
          "column": 42
        }
      },
      "12": {
        "start": {
          "line": 104,
          "column": 6
        },
        "end": {
          "line": 104,
          "column": 38
        }
      },
      "13": {
        "start": {
          "line": 110,
          "column": 6
        },
        "end": {
          "line": 110,
          "column": 40
        }
      },
      "14": {
        "start": {
          "line": 125,
          "column": 4
        },
        "end": {
          "line": 125,
          "column": 21
        }
      },
      "15": {
        "start": {
          "line": 127,
          "column": 36
        },
        "end": {
          "line": 128,
          "column": 27
        }
      },
      "16": {
        "start": {
          "line": 128,
          "column": 2
        },
        "end": {
          "line": 128,
          "column": 27
        }
      },
      "17": {
        "start": {
          "line": 129,
          "column": 37
        },
        "end": {
          "line": 130,
          "column": 28
        }
      },
      "18": {
        "start": {
          "line": 130,
          "column": 2
        },
        "end": {
          "line": 130,
          "column": 28
        }
      },
      "19": {
        "start": {
          "line": 132,
          "column": 25
        },
        "end": {
          "line": 135,
          "column": 1
        }
      },
      "20": {
        "start": {
          "line": 133,
          "column": 34
        },
        "end": {
          "line": 133,
          "column": 57
        }
      },
      "21": {
        "start": {
          "line": 134,
          "column": 2
        },
        "end": {
          "line": 134,
          "column": 32
        }
      },
      "22": {
        "start": {
          "line": 137,
          "column": 30
        },
        "end": {
          "line": 138,
          "column": 21
        }
      },
      "23": {
        "start": {
          "line": 138,
          "column": 2
        },
        "end": {
          "line": 138,
          "column": 21
        }
      },
      "24": {
        "start": {
          "line": 140,
          "column": 34
        },
        "end": {
          "line": 142,
          "column": 55
        }
      },
      "25": {
        "start": {
          "line": 142,
          "column": 32
        },
        "end": {
          "line": 142,
          "column": 55
        }
      },
      "26": {
        "start": {
          "line": 144,
          "column": 33
        },
        "end": {
          "line": 145,
          "column": 24
        }
      },
      "27": {
        "start": {
          "line": 145,
          "column": 2
        },
        "end": {
          "line": 145,
          "column": 24
        }
      },
      "28": {
        "start": {
          "line": 147,
          "column": 31
        },
        "end": {
          "line": 148,
          "column": 22
        }
      },
      "29": {
        "start": {
          "line": 148,
          "column": 2
        },
        "end": {
          "line": 148,
          "column": 22
        }
      },
      "30": {
        "start": {
          "line": 150,
          "column": 29
        },
        "end": {
          "line": 181,
          "column": 1
        }
      },
      "31": {
        "start": {
          "line": 152,
          "column": 26
        },
        "end": {
          "line": 152,
          "column": 46
        }
      },
      "32": {
        "start": {
          "line": 153,
          "column": 26
        },
        "end": {
          "line": 153,
          "column": 48
        }
      },
      "33": {
        "start": {
          "line": 156,
          "column": 21
        },
        "end": {
          "line": 156,
          "column": 52
        }
      },
      "34": {
        "start": {
          "line": 157,
          "column": 61
        },
        "end": {
          "line": 157,
          "column": 68
        }
      },
      "35": {
        "start": {
          "line": 158,
          "column": 20
        },
        "end": {
          "line": 158,
          "column": 53
        }
      },
      "36": {
        "start": {
          "line": 159,
          "column": 20
        },
        "end": {
          "line": 159,
          "column": 53
        }
      },
      "37": {
        "start": {
          "line": 161,
          "column": 56
        },
        "end": {
          "line": 170,
          "column": 5
        }
      },
      "38": {
        "start": {
          "line": 171,
          "column": 4
        },
        "end": {
          "line": 171,
          "column": 54
        }
      },
      "39": {
        "start": {
          "line": 171,
          "column": 14
        },
        "end": {
          "line": 171,
          "column": 54
        }
      },
      "40": {
        "start": {
          "line": 172,
          "column": 4
        },
        "end": {
          "line": 172,
          "column": 54
        }
      },
      "41": {
        "start": {
          "line": 172,
          "column": 14
        },
        "end": {
          "line": 172,
          "column": 54
        }
      },
      "42": {
        "start": {
          "line": 173,
          "column": 4
        },
        "end": {
          "line": 173,
          "column": 69
        }
      },
      "43": {
        "start": {
          "line": 173,
          "column": 14
        },
        "end": {
          "line": 173,
          "column": 69
        }
      },
      "44": {
        "start": {
          "line": 174,
          "column": 4
        },
        "end": {
          "line": 174,
          "column": 73
        }
      },
      "45": {
        "start": {
          "line": 174,
          "column": 15
        },
        "end": {
          "line": 174,
          "column": 73
        }
      },
      "46": {
        "start": {
          "line": 175,
          "column": 4
        },
        "end": {
          "line": 176,
          "column": 76
        }
      },
      "47": {
        "start": {
          "line": 176,
          "column": 6
        },
        "end": {
          "line": 176,
          "column": 76
        }
      },
      "48": {
        "start": {
          "line": 177,
          "column": 4
        },
        "end": {
          "line": 177,
          "column": 59
        }
      },
      "49": {
        "start": {
          "line": 177,
          "column": 18
        },
        "end": {
          "line": 177,
          "column": 59
        }
      },
      "50": {
        "start": {
          "line": 179,
          "column": 4
        },
        "end": {
          "line": 179,
          "column": 26
        }
      }
    },
    "fnMap": {
      "0": {
        "name": "(anonymous_0)",
        "decl": {
          "start": {
            "line": 64,
            "column": 23
          },
          "end": {
            "line": 64,
            "column": 24
          }
        },
        "loc": {
          "start": {
            "line": 67,
            "column": 9
          },
          "end": {
            "line": 69,
            "column": 5
          }
        },
        "line": 67
      },
      "1": {
        "name": "(anonymous_1)",
        "decl": {
          "start": {
            "line": 70,
            "column": 24
          },
          "end": {
            "line": 70,
            "column": 25
          }
        },
        "loc": {
          "start": {
            "line": 70,
            "column": 66
          },
          "end": {
            "line": 72,
            "column": 5
          }
        },
        "line": 70
      },
      "2": {
        "name": "(anonymous_2)",
        "decl": {
          "start": {
            "line": 73,
            "column": 26
          },
          "end": {
            "line": 73,
            "column": 27
          }
        },
        "loc": {
          "start": {
            "line": 76,
            "column": 9
          },
          "end": {
            "line": 78,
            "column": 5
          }
        },
        "line": 76
      },
      "3": {
        "name": "(anonymous_3)",
        "decl": {
          "start": {
            "line": 79,
            "column": 17
          },
          "end": {
            "line": 79,
            "column": 18
          }
        },
        "loc": {
          "start": {
            "line": 79,
            "column": 74
          },
          "end": {
            "line": 82,
            "column": 5
          }
        },
        "line": 79
      },
      "4": {
        "name": "(anonymous_4)",
        "decl": {
          "start": {
            "line": 83,
            "column": 20
          },
          "end": {
            "line": 83,
            "column": 21
          }
        },
        "loc": {
          "start": {
            "line": 83,
            "column": 39
          },
          "end": {
            "line": 85,
            "column": 5
          }
        },
        "line": 83
      },
      "5": {
        "name": "(anonymous_5)",
        "decl": {
          "start": {
            "line": 87,
            "column": 21
          },
          "end": {
            "line": 87,
            "column": 22
          }
        },
        "loc": {
          "start": {
            "line": 90,
            "column": 9
          },
          "end": {
            "line": 95,
            "column": 5
          }
        },
        "line": 90
      },
      "6": {
        "name": "(anonymous_6)",
        "decl": {
          "start": {
            "line": 96,
            "column": 22
          },
          "end": {
            "line": 96,
            "column": 23
          }
        },
        "loc": {
          "start": {
            "line": 99,
            "column": 9
          },
          "end": {
            "line": 102,
            "column": 5
          }
        },
        "line": 99
      },
      "7": {
        "name": "(anonymous_7)",
        "decl": {
          "start": {
            "line": 103,
            "column": 18
          },
          "end": {
            "line": 103,
            "column": 19
          }
        },
        "loc": {
          "start": {
            "line": 103,
            "column": 37
          },
          "end": {
            "line": 105,
            "column": 5
          }
        },
        "line": 103
      },
      "8": {
        "name": "(anonymous_8)",
        "decl": {
          "start": {
            "line": 106,
            "column": 20
          },
          "end": {
            "line": 106,
            "column": 21
          }
        },
        "loc": {
          "start": {
            "line": 109,
            "column": 9
          },
          "end": {
            "line": 111,
            "column": 5
          }
        },
        "line": 109
      },
      "9": {
        "name": "(anonymous_9)",
        "decl": {
          "start": {
            "line": 127,
            "column": 36
          },
          "end": {
            "line": 127,
            "column": 37
          }
        },
        "loc": {
          "start": {
            "line": 128,
            "column": 2
          },
          "end": {
            "line": 128,
            "column": 27
          }
        },
        "line": 128
      },
      "10": {
        "name": "(anonymous_10)",
        "decl": {
          "start": {
            "line": 129,
            "column": 37
          },
          "end": {
            "line": 129,
            "column": 38
          }
        },
        "loc": {
          "start": {
            "line": 130,
            "column": 2
          },
          "end": {
            "line": 130,
            "column": 28
          }
        },
        "line": 130
      },
      "11": {
        "name": "(anonymous_11)",
        "decl": {
          "start": {
            "line": 132,
            "column": 25
          },
          "end": {
            "line": 132,
            "column": 26
          }
        },
        "loc": {
          "start": {
            "line": 132,
            "column": 47
          },
          "end": {
            "line": 135,
            "column": 1
          }
        },
        "line": 132
      },
      "12": {
        "name": "(anonymous_12)",
        "decl": {
          "start": {
            "line": 137,
            "column": 30
          },
          "end": {
            "line": 137,
            "column": 31
          }
        },
        "loc": {
          "start": {
            "line": 138,
            "column": 2
          },
          "end": {
            "line": 138,
            "column": 21
          }
        },
        "line": 138
      },
      "13": {
        "name": "(anonymous_13)",
        "decl": {
          "start": {
            "line": 140,
            "column": 34
          },
          "end": {
            "line": 140,
            "column": 35
          }
        },
        "loc": {
          "start": {
            "line": 142,
            "column": 32
          },
          "end": {
            "line": 142,
            "column": 55
          }
        },
        "line": 142
      },
      "14": {
        "name": "(anonymous_14)",
        "decl": {
          "start": {
            "line": 144,
            "column": 33
          },
          "end": {
            "line": 144,
            "column": 34
          }
        },
        "loc": {
          "start": {
            "line": 145,
            "column": 2
          },
          "end": {
            "line": 145,
            "column": 24
          }
        },
        "line": 145
      },
      "15": {
        "name": "(anonymous_15)",
        "decl": {
          "start": {
            "line": 147,
            "column": 31
          },
          "end": {
            "line": 147,
            "column": 32
          }
        },
        "loc": {
          "start": {
            "line": 148,
            "column": 2
          },
          "end": {
            "line": 148,
            "column": 22
          }
        },
        "line": 148
      },
      "16": {
        "name": "(anonymous_16)",
        "decl": {
          "start": {
            "line": 152,
            "column": 4
          },
          "end": {
            "line": 152,
            "column": 5
          }
        },
        "loc": {
          "start": {
            "line": 152,
            "column": 26
          },
          "end": {
            "line": 152,
            "column": 46
          }
        },
        "line": 152
      },
      "17": {
        "name": "(anonymous_17)",
        "decl": {
          "start": {
            "line": 153,
            "column": 4
          },
          "end": {
            "line": 153,
            "column": 5
          }
        },
        "loc": {
          "start": {
            "line": 153,
            "column": 26
          },
          "end": {
            "line": 153,
            "column": 48
          }
        },
        "line": 153
      },
      "18": {
        "name": "(anonymous_18)",
        "decl": {
          "start": {
            "line": 155,
            "column": 2
          },
          "end": {
            "line": 155,
            "column": 3
          }
        },
        "loc": {
          "start": {
            "line": 155,
            "column": 25
          },
          "end": {
            "line": 180,
            "column": 3
          }
        },
        "line": 155
      }
    },
    "branchMap": {
      "0": {
        "loc": {
          "start": {
            "line": 158,
            "column": 20
          },
          "end": {
            "line": 158,
            "column": 53
          }
        },
        "type": "cond-expr",
        "locations": [
          {
            "start": {
              "line": 158,
              "column": 43
            },
            "end": {
              "line": 158,
              "column": 44
            }
          },
          {
            "start": {
              "line": 158,
              "column": 47
            },
            "end": {
              "line": 158,
              "column": 53
            }
          }
        ],
        "line": 158
      },
      "1": {
        "loc": {
          "start": {
            "line": 159,
            "column": 20
          },
          "end": {
            "line": 159,
            "column": 53
          }
        },
        "type": "cond-expr",
        "locations": [
          {
            "start": {
              "line": 159,
              "column": 43
            },
            "end": {
              "line": 159,
              "column": 44
            }
          },
          {
            "start": {
              "line": 159,
              "column": 47
            },
            "end": {
              "line": 159,
              "column": 53
            }
          }
        ],
        "line": 159
      },
      "2": {
        "loc": {
          "start": {
            "line": 171,
            "column": 4
          },
          "end": {
            "line": 171,
            "column": 54
          }
        },
        "type": "if",
        "locations": [
          {
            "start": {
              "line": 171,
              "column": 4
            },
            "end": {
              "line": 171,
              "column": 54
            }
          },
          {
            "start": {},
            "end": {}
          }
        ],
        "line": 171
      },
      "3": {
        "loc": {
          "start": {
            "line": 172,
            "column": 4
          },
          "end": {
            "line": 172,
            "column": 54
          }
        },
        "type": "if",
        "locations": [
          {
            "start": {
              "line": 172,
              "column": 4
            },
            "end": {
              "line": 172,
              "column": 54
            }
          },
          {
            "start": {},
            "end": {}
          }
        ],
        "line": 172
      },
      "4": {
        "loc": {
          "start": {
            "line": 173,
            "column": 4
          },
          "end": {
            "line": 173,
            "column": 69
          }
        },
        "type": "if",
        "locations": [
          {
            "start": {
              "line": 173,
              "column": 4
            },
            "end": {
              "line": 173,
              "column": 69
            }
          },
          {
            "start": {},
            "end": {}
          }
        ],
        "line": 173
      },
      "5": {
        "loc": {
          "start": {
            "line": 174,
            "column": 4
          },
          "end": {
            "line": 174,
            "column": 73
          }
        },
        "type": "if",
        "locations": [
          {
            "start": {
              "line": 174,
              "column": 4
            },
            "end": {
              "line": 174,
              "column": 73
            }
          },
          {
            "start": {},
            "end": {}
          }
        ],
        "line": 174
      },
      "6": {
        "loc": {
          "start": {
            "line": 175,
            "column": 4
          },
          "end": {
            "line": 176,
            "column": 76
          }
        },
        "type": "if",
        "locations": [
          {
            "start": {
              "line": 175,
              "column": 4
            },
            "end": {
              "line": 176,
              "column": 76
            }
          },
          {
            "start": {},
            "end": {}
          }
        ],
        "line": 175
      },
      "7": {
        "loc": {
          "start": {
            "line": 177,
            "column": 4
          },
          "end": {
            "line": 177,
            "column": 59
          }
        },
        "type": "if",
        "locations": [
          {
            "start": {
              "line": 177,
              "column": 4
            },
            "end": {
              "line": 177,
              "column": 59
            }
          },
          {
            "start": {},
            "end": {}
          }
        ],
        "line": 177
      }
    },
    "s": {
      "0": 2,
      "1": 2,
      "2": 0,
      "3": 0,
      "4": 0,
      "5": 0,
      "6": 0,
      "7": 0,
      "8": 0,
      "9": 0,
      "10": 0,
      "11": 0,
      "12": 0,
      "13": 0,
      "14": 2,
      "15": 2,
      "16": 0,
      "17": 2,
      "18": 2,
      "19": 2,
      "20": 0,
      "21": 0,
      "22": 2,
      "23": 2,
      "24": 2,
      "25": 0,
      "26": 2,
      "27": 2,
      "28": 2,
      "29": 0,
      "30": 2,
      "31": 2,
      "32": 2,
      "33": 2,
      "34": 2,
      "35": 2,
      "36": 2,
      "37": 2,
      "38": 2,
      "39": 0,
      "40": 2,
      "41": 0,
      "42": 2,
      "43": 0,
      "44": 2,
      "45": 0,
      "46": 2,
      "47": 0,
      "48": 2,
      "49": 0,
      "50": 2
    },
    "f": {
      "0": 0,
      "1": 0,
      "2": 0,
      "3": 0,
      "4": 0,
      "5": 0,
      "6": 0,
      "7": 0,
      "8": 0,
      "9": 0,
      "10": 2,
      "11": 0,
      "12": 2,
      "13": 0,
      "14": 2,
      "15": 0,
      "16": 2,
      "17": 2,
      "18": 2
    },
    "b": {
      "0": [
        2,
        0
      ],
      "1": [
        2,
        0
      ],
      "2": [
        0,
        2
      ],
      "3": [
        0,
        2
      ],
      "4": [
        0,
        2
      ],
      "5": [
        0,
        2
      ],
      "6": [
        0,
        2
      ],
      "7": [
        0,
        2
      ]
    },
    "_coverageSchema": "1a1c01bbd47fc00a2c39e90264f33305004495a9",
    "hash": "066f825b65e8f63dd3dba50a1fc807740320acc3"
  },
  "/Users/karthickragavendran/Desktop/zillow-clone-safe/src/store/streams/index.ts": {
    "path": "/Users/karthickragavendran/Desktop/zillow-clone-safe/src/store/streams/index.ts",
    "statementMap": {
      "0": {
        "start": {
          "line": 18,
          "column": 33
        },
        "end": {
          "line": 67,
          "column": 1
        }
      },
      "1": {
        "start": {
          "line": 24,
          "column": 25
        },
        "end": {
          "line": 35,
          "column": 3
        }
      },
      "2": {
        "start": {
          "line": 25,
          "column": 19
        },
        "end": {
          "line": 25,
          "column": 41
        }
      },
      "3": {
        "start": {
          "line": 29,
          "column": 23
        },
        "end": {
          "line": 29,
          "column": 30
        }
      },
      "4": {
        "start": {
          "line": 30,
          "column": 6
        },
        "end": {
          "line": 33,
          "column": 7
        }
      },
      "5": {
        "start": {
          "line": 37,
          "column": 16
        },
        "end": {
          "line": 65,
          "column": 3
        }
      },
      "6": {
        "start": {
          "line": 38,
          "column": 19
        },
        "end": {
          "line": 38,
          "column": 45
        }
      },
      "7": {
        "start": {
          "line": 41,
          "column": 21
        },
        "end": {
          "line": 41,
          "column": 36
        }
      },
      "8": {
        "start": {
          "line": 43,
          "column": 14
        },
        "end": {
          "line": 43,
          "column": 71
        }
      },
      "9": {
        "start": {
          "line": 45,
          "column": 6
        },
        "end": {
          "line": 49,
          "column": 16
        }
      },
      "10": {
        "start": {
          "line": 48,
          "column": 31
        },
        "end": {
          "line": 48,
          "column": 46
        }
      },
      "11": {
        "start": {
          "line": 52,
          "column": 6
        },
        "end": {
          "line": 58,
          "column": 12
        }
      },
      "12": {
        "start": {
          "line": 53,
          "column": 49
        },
        "end": {
          "line": 57,
          "column": 11
        }
      },
      "13": {
        "start": {
          "line": 61,
          "column": 6
        },
        "end": {
          "line": 61,
          "column": 67
        }
      },
      "14": {
        "start": {
          "line": 64,
          "column": 22
        },
        "end": {
          "line": 64,
          "column": 30
        }
      },
      "15": {
        "start": {
          "line": 66,
          "column": 2
        },
        "end": {
          "line": 66,
          "column": 18
        }
      }
    },
    "fnMap": {
      "0": {
        "name": "(anonymous_0)",
        "decl": {
          "start": {
            "line": 18,
            "column": 33
          },
          "end": {
            "line": 18,
            "column": 34
          }
        },
        "loc": {
          "start": {
            "line": 23,
            "column": 5
          },
          "end": {
            "line": 67,
            "column": 1
          }
        },
        "line": 23
      },
      "1": {
        "name": "(anonymous_1)",
        "decl": {
          "start": {
            "line": 25,
            "column": 8
          },
          "end": {
            "line": 25,
            "column": 9
          }
        },
        "loc": {
          "start": {
            "line": 25,
            "column": 19
          },
          "end": {
            "line": 25,
            "column": 41
          }
        },
        "line": 25
      },
      "2": {
        "name": "(anonymous_2)",
        "decl": {
          "start": {
            "line": 28,
            "column": 8
          },
          "end": {
            "line": 28,
            "column": 9
          }
        },
        "loc": {
          "start": {
            "line": 28,
            "column": 20
          },
          "end": {
            "line": 34,
            "column": 5
          }
        },
        "line": 28
      },
      "3": {
        "name": "(anonymous_3)",
        "decl": {
          "start": {
            "line": 38,
            "column": 8
          },
          "end": {
            "line": 38,
            "column": 9
          }
        },
        "loc": {
          "start": {
            "line": 38,
            "column": 19
          },
          "end": {
            "line": 38,
            "column": 45
          }
        },
        "line": 38
      },
      "4": {
        "name": "(anonymous_4)",
        "decl": {
          "start": {
            "line": 41,
            "column": 11
          },
          "end": {
            "line": 41,
            "column": 12
          }
        },
        "loc": {
          "start": {
            "line": 41,
            "column": 21
          },
          "end": {
            "line": 41,
            "column": 36
          }
        },
        "line": 41
      },
      "5": {
        "name": "(anonymous_5)",
        "decl": {
          "start": {
            "line": 43,
            "column": 8
          },
          "end": {
            "line": 43,
            "column": 9
          }
        },
        "loc": {
          "start": {
            "line": 43,
            "column": 14
          },
          "end": {
            "line": 43,
            "column": 71
          }
        },
        "line": 43
      },
      "6": {
        "name": "(anonymous_6)",
        "decl": {
          "start": {
            "line": 44,
            "column": 14
          },
          "end": {
            "line": 44,
            "column": 15
          }
        },
        "loc": {
          "start": {
            "line": 45,
            "column": 6
          },
          "end": {
            "line": 49,
            "column": 16
          }
        },
        "line": 45
      },
      "7": {
        "name": "(anonymous_7)",
        "decl": {
          "start": {
            "line": 48,
            "column": 17
          },
          "end": {
            "line": 48,
            "column": 18
          }
        },
        "loc": {
          "start": {
            "line": 48,
            "column": 31
          },
          "end": {
            "line": 48,
            "column": 46
          }
        },
        "line": 48
      },
      "8": {
        "name": "(anonymous_8)",
        "decl": {
          "start": {
            "line": 51,
            "column": 8
          },
          "end": {
            "line": 51,
            "column": 9
          }
        },
        "loc": {
          "start": {
            "line": 52,
            "column": 6
          },
          "end": {
            "line": 58,
            "column": 12
          }
        },
        "line": 52
      },
      "9": {
        "name": "(anonymous_9)",
        "decl": {
          "start": {
            "line": 53,
            "column": 29
          },
          "end": {
            "line": 53,
            "column": 30
          }
        },
        "loc": {
          "start": {
            "line": 53,
            "column": 49
          },
          "end": {
            "line": 57,
            "column": 11
          }
        },
        "line": 53
      },
      "10": {
        "name": "(anonymous_10)",
        "decl": {
          "start": {
            "line": 60,
            "column": 8
          },
          "end": {
            "line": 60,
            "column": 9
          }
        },
        "loc": {
          "start": {
            "line": 61,
            "column": 6
          },
          "end": {
            "line": 61,
            "column": 67
          }
        },
        "line": 61
      },
      "11": {
        "name": "(anonymous_11)",
        "decl": {
          "start": {
            "line": 64,
            "column": 15
          },
          "end": {
            "line": 64,
            "column": 16
          }
        },
        "loc": {
          "start": {
            "line": 64,
            "column": 22
          },
          "end": {
            "line": 64,
            "column": 30
          }
        },
        "line": 64
      }
    },
    "branchMap": {
      "0": {
        "loc": {
          "start": {
            "line": 45,
            "column": 6
          },
          "end": {
            "line": 49,
            "column": 16
          }
        },
        "type": "cond-expr",
        "locations": [
          {
            "start": {
              "line": 46,
              "column": 10
            },
            "end": {
              "line": 48,
              "column": 47
            }
          },
          {
            "start": {
              "line": 49,
              "column": 10
            },
            "end": {
              "line": 49,
              "column": 16
            }
          }
        ],
        "line": 45
      },
      "1": {
        "loc": {
          "start": {
            "line": 52,
            "column": 6
          },
          "end": {
            "line": 58,
            "column": 12
          }
        },
        "type": "cond-expr",
        "locations": [
          {
            "start": {
              "line": 53,
              "column": 10
            },
            "end": {
              "line": 57,
              "column": 13
            }
          },
          {
            "start": {
              "line": 58,
              "column": 10
            },
            "end": {
              "line": 58,
              "column": 12
            }
          }
        ],
        "line": 52
      }
    },
    "s": {
      "0": 2,
      "1": 2,
      "2": 0,
      "3": 0,
      "4": 0,
      "5": 2,
      "6": 2,
      "7": 2,
      "8": 0,
      "9": 0,
      "10": 0,
      "11": 0,
      "12": 0,
      "13": 0,
      "14": 0,
      "15": 2
    },
    "f": {
      "0": 2,
      "1": 0,
      "2": 0,
      "3": 2,
      "4": 2,
      "5": 0,
      "6": 0,
      "7": 0,
      "8": 0,
      "9": 0,
      "10": 0,
      "11": 0
    },
    "b": {
      "0": [
        0,
        0
      ],
      "1": [
        0,
        0
      ]
    },
    "_coverageSchema": "1a1c01bbd47fc00a2c39e90264f33305004495a9",
    "hash": "81e1d2bd92ea2f5f0df8e8d32b9fa6d5a3f2c6a5"
  },
  "/Users/karthickragavendran/Desktop/zillow-clone-safe/src/store/index.ts": {
    "path": "/Users/karthickragavendran/Desktop/zillow-clone-safe/src/store/index.ts",
    "statementMap": {
      "0": {
        "start": {
          "line": 9,
          "column": 21
        },
        "end": {
          "line": 18,
          "column": 2
        }
      },
      "1": {
        "start": {
          "line": 15,
          "column": 4
        },
        "end": {
          "line": 17,
          "column": 6
        }
      },
      "2": {
        "start": {
          "line": 29,
          "column": 30
        },
        "end": {
          "line": 29,
          "column": 62
        }
      },
      "3": {
        "start": {
          "line": 29,
          "column": 36
        },
        "end": {
          "line": 29,
          "column": 62
        }
      },
      "4": {
        "start": {
          "line": 30,
          "column": 63
        },
        "end": {
          "line": 30,
          "column": 74
        }
      },
      "5": {
        "start": {
          "line": 32,
          "column": 22
        },
        "end": {
          "line": 32,
          "column": 33
        }
      },
      "6": {
        "start": {
          "line": 33,
          "column": 18
        },
        "end": {
          "line": 33,
          "column": 43
        }
      },
      "7": {
        "start": {
          "line": 35,
          "column": 0
        },
        "end": {
          "line": 35,
          "column": 17
        }
      }
    },
    "fnMap": {
      "0": {
        "name": "(anonymous_0)",
        "decl": {
          "start": {
            "line": 14,
            "column": 14
          },
          "end": {
            "line": 14,
            "column": 15
          }
        },
        "loc": {
          "start": {
            "line": 15,
            "column": 4
          },
          "end": {
            "line": 17,
            "column": 6
          }
        },
        "line": 15
      },
      "1": {
        "name": "(anonymous_1)",
        "decl": {
          "start": {
            "line": 29,
            "column": 30
          },
          "end": {
            "line": 29,
            "column": 31
          }
        },
        "loc": {
          "start": {
            "line": 29,
            "column": 36
          },
          "end": {
            "line": 29,
            "column": 62
          }
        },
        "line": 29
      }
    },
    "branchMap": {},
    "s": {
      "0": 2,
      "1": 2,
      "2": 2,
      "3": 12,
      "4": 2,
      "5": 2,
      "6": 2,
      "7": 2
    },
    "f": {
      "0": 2,
      "1": 12
    },
    "b": {},
    "_coverageSchema": "1a1c01bbd47fc00a2c39e90264f33305004495a9",
    "hash": "5577000053df52b690df8f6f6349eea3633d7637"
  },
  "/Users/karthickragavendran/Desktop/zillow-clone-safe/cypress/plugins/addCSS.js": {
    "path": "/Users/karthickragavendran/Desktop/zillow-clone-safe/cypress/plugins/addCSS.js",
    "statementMap": {
      "0": {
        "start": {
          "line": 1,
          "column": 0
        },
        "end": {
          "line": 10,
          "column": 2
        }
      },
      "1": {
        "start": {
          "line": 2,
          "column": 2
        },
        "end": {
          "line": 9,
          "column": 4
        }
      },
      "2": {
        "start": {
          "line": 3,
          "column": 4
        },
        "end": {
          "line": 8,
          "column": 5
        }
      },
      "3": {
        "start": {
          "line": 4,
          "column": 19
        },
        "end": {
          "line": 4,
          "column": 50
        }
      },
      "4": {
        "start": {
          "line": 5,
          "column": 6
        },
        "end": {
          "line": 5,
          "column": 32
        }
      },
      "5": {
        "start": {
          "line": 6,
          "column": 6
        },
        "end": {
          "line": 6,
          "column": 26
        }
      },
      "6": {
        "start": {
          "line": 7,
          "column": 6
        },
        "end": {
          "line": 7,
          "column": 37
        }
      }
    },
    "fnMap": {
      "0": {
        "name": "(anonymous_0)",
        "decl": {
          "start": {
            "line": 1,
            "column": 7
          },
          "end": {
            "line": 1,
            "column": 8
          }
        },
        "loc": {
          "start": {
            "line": 1,
            "column": 13
          },
          "end": {
            "line": 10,
            "column": 1
          }
        },
        "line": 1
      },
      "1": {
        "name": "(anonymous_1)",
        "decl": {
          "start": {
            "line": 2,
            "column": 52
          },
          "end": {
            "line": 2,
            "column": 53
          }
        },
        "loc": {
          "start": {
            "line": 2,
            "column": 61
          },
          "end": {
            "line": 9,
            "column": 3
          }
        },
        "line": 2
      }
    },
    "branchMap": {
      "0": {
        "loc": {
          "start": {
            "line": 3,
            "column": 4
          },
          "end": {
            "line": 8,
            "column": 5
          }
        },
        "type": "if",
        "locations": [
          {
            "start": {
              "line": 3,
              "column": 4
            },
            "end": {
              "line": 8,
              "column": 5
            }
          },
          {
            "start": {},
            "end": {}
          }
        ],
        "line": 3
      }
    },
    "s": {
      "0": 2,
      "1": 2,
      "2": 2,
      "3": 2,
      "4": 2,
      "5": 2,
      "6": 2
    },
    "f": {
      "0": 2,
      "1": 2
    },
    "b": {
      "0": [
        2,
        0
      ]
    },
    "_coverageSchema": "1a1c01bbd47fc00a2c39e90264f33305004495a9",
    "hash": "c9ad6747c6ecc7daf019e623a5c540127a194a99"
  },
  "/Users/karthickragavendran/Desktop/zillow-clone-safe/src/mocks/index.ts": {
    "path": "/Users/karthickragavendran/Desktop/zillow-clone-safe/src/mocks/index.ts",
    "statementMap": {
      "0": {
        "start": {
          "line": 1,
          "column": 26
        },
        "end": {
          "line": 1,
          "column": 55
        }
      },
      "1": {
        "start": {
          "line": 3,
          "column": 31
        },
        "end": {
          "line": 21,
          "column": 1
        }
      },
      "2": {
        "start": {
          "line": 4,
          "column": 2
        },
        "end": {
          "line": 20,
          "column": 3
        }
      },
      "3": {
        "start": {
          "line": 5,
          "column": 26
        },
        "end": {
          "line": 5,
          "column": 53
        }
      },
      "4": {
        "start": {
          "line": 6,
          "column": 25
        },
        "end": {
          "line": 6,
          "column": 42
        }
      },
      "5": {
        "start": {
          "line": 7,
          "column": 4
        },
        "end": {
          "line": 7,
          "column": 62
        }
      },
      "6": {
        "start": {
          "line": 9,
          "column": 4
        },
        "end": {
          "line": 11,
          "column": 5
        }
      },
      "7": {
        "start": {
          "line": 13,
          "column": 26
        },
        "end": {
          "line": 13,
          "column": 53
        }
      },
      "8": {
        "start": {
          "line": 14,
          "column": 25
        },
        "end": {
          "line": 14,
          "column": 43
        }
      },
      "9": {
        "start": {
          "line": 15,
          "column": 4
        },
        "end": {
          "line": 15,
          "column": 62
        }
      },
      "10": {
        "start": {
          "line": 17,
          "column": 4
        },
        "end": {
          "line": 19,
          "column": 5
        }
      }
    },
    "fnMap": {
      "0": {
        "name": "(anonymous_0)",
        "decl": {
          "start": {
            "line": 3,
            "column": 31
          },
          "end": {
            "line": 3,
            "column": 32
          }
        },
        "loc": {
          "start": {
            "line": 3,
            "column": 43
          },
          "end": {
            "line": 21,
            "column": 1
          }
        },
        "line": 3
      }
    },
    "branchMap": {
      "0": {
        "loc": {
          "start": {
            "line": 4,
            "column": 2
          },
          "end": {
            "line": 20,
            "column": 3
          }
        },
        "type": "if",
        "locations": [
          {
            "start": {
              "line": 4,
              "column": 2
            },
            "end": {
              "line": 20,
              "column": 3
            }
          },
          {
            "start": {
              "line": 12,
              "column": 9
            },
            "end": {
              "line": 20,
              "column": 3
            }
          }
        ],
        "line": 4
      }
    },
    "s": {
      "0": 2,
      "1": 2,
      "2": 2,
      "3": 2,
      "4": 2,
      "5": 2,
      "6": 2,
      "7": 0,
      "8": 0,
      "9": 0,
      "10": 0
    },
    "f": {
      "0": 2
    },
    "b": {
      "0": [
        2,
        0
      ]
    },
    "_coverageSchema": "1a1c01bbd47fc00a2c39e90264f33305004495a9",
    "hash": "489173dc8fd513a85325cc2ec2d1d4a1573ac39a"
  },
  "/Users/karthickragavendran/Desktop/zillow-clone-safe/src/store/static.ts": {
    "path": "/Users/karthickragavendran/Desktop/zillow-clone-safe/src/store/static.ts",
    "statementMap": {
      "0": {
        "start": {
          "line": 1,
          "column": 30
        },
        "end": {
          "line": 1,
          "column": 33
        }
      }
    },
    "fnMap": {},
    "branchMap": {},
    "s": {
      "0": 2
    },
    "f": {},
    "b": {},
    "_coverageSchema": "1a1c01bbd47fc00a2c39e90264f33305004495a9",
    "hash": "8dcdf5d179635a12d23812eef26cdb3991cc2dc2"
  },
  "/Users/karthickragavendran/Desktop/zillow-clone-safe/src/store/cities/cityHooks.ts": {
    "path": "/Users/karthickragavendran/Desktop/zillow-clone-safe/src/store/cities/cityHooks.ts",
    "statementMap": {
      "0": {
        "start": {
          "line": 32,
          "column": 55
        },
        "end": {
          "line": 64,
          "column": 1
        }
      },
      "1": {
        "start": {
          "line": 41,
          "column": 19
        },
        "end": {
          "line": 41,
          "column": 35
        }
      },
      "2": {
        "start": {
          "line": 45,
          "column": 22
        },
        "end": {
          "line": 45,
          "column": 51
        }
      },
      "3": {
        "start": {
          "line": 45,
          "column": 37
        },
        "end": {
          "line": 45,
          "column": 50
        }
      },
      "4": {
        "start": {
          "line": 47,
          "column": 2
        },
        "end": {
          "line": 56,
          "column": 43
        }
      },
      "5": {
        "start": {
          "line": 48,
          "column": 25
        },
        "end": {
          "line": 54,
          "column": 47
        }
      },
      "6": {
        "start": {
          "line": 51,
          "column": 18
        },
        "end": {
          "line": 51,
          "column": 61
        }
      },
      "7": {
        "start": {
          "line": 52,
          "column": 25
        },
        "end": {
          "line": 52,
          "column": 30
        }
      },
      "8": {
        "start": {
          "line": 54,
          "column": 24
        },
        "end": {
          "line": 54,
          "column": 46
        }
      },
      "9": {
        "start": {
          "line": 55,
          "column": 4
        },
        "end": {
          "line": 55,
          "column": 43
        }
      },
      "10": {
        "start": {
          "line": 55,
          "column": 17
        },
        "end": {
          "line": 55,
          "column": 43
        }
      },
      "11": {
        "start": {
          "line": 61,
          "column": 2
        },
        "end": {
          "line": 63,
          "column": 27
        }
      },
      "12": {
        "start": {
          "line": 62,
          "column": 4
        },
        "end": {
          "line": 62,
          "column": 22
        }
      },
      "13": {
        "start": {
          "line": 66,
          "column": 27
        },
        "end": {
          "line": 94,
          "column": 1
        }
      },
      "14": {
        "start": {
          "line": 76,
          "column": 14
        },
        "end": {
          "line": 76,
          "column": 47
        }
      },
      "15": {
        "start": {
          "line": 77,
          "column": 34
        },
        "end": {
          "line": 81,
          "column": 5
        }
      },
      "16": {
        "start": {
          "line": 77,
          "column": 50
        },
        "end": {
          "line": 81,
          "column": 3
        }
      },
      "17": {
        "start": {
          "line": 86,
          "column": 2
        },
        "end": {
          "line": 92,
          "column": 33
        }
      },
      "18": {
        "start": {
          "line": 87,
          "column": 4
        },
        "end": {
          "line": 91,
          "column": 7
        }
      },
      "19": {
        "start": {
          "line": 87,
          "column": 28
        },
        "end": {
          "line": 91,
          "column": 5
        }
      },
      "20": {
        "start": {
          "line": 93,
          "column": 2
        },
        "end": {
          "line": 93,
          "column": 37
        }
      }
    },
    "fnMap": {
      "0": {
        "name": "(anonymous_0)",
        "decl": {
          "start": {
            "line": 32,
            "column": 55
          },
          "end": {
            "line": 32,
            "column": 56
          }
        },
        "loc": {
          "start": {
            "line": 40,
            "column": 5
          },
          "end": {
            "line": 64,
            "column": 1
          }
        },
        "line": 40
      },
      "1": {
        "name": "(anonymous_1)",
        "decl": {
          "start": {
            "line": 45,
            "column": 31
          },
          "end": {
            "line": 45,
            "column": 32
          }
        },
        "loc": {
          "start": {
            "line": 45,
            "column": 37
          },
          "end": {
            "line": 45,
            "column": 50
          }
        },
        "line": 45
      },
      "2": {
        "name": "(anonymous_2)",
        "decl": {
          "start": {
            "line": 47,
            "column": 12
          },
          "end": {
            "line": 47,
            "column": 13
          }
        },
        "loc": {
          "start": {
            "line": 47,
            "column": 18
          },
          "end": {
            "line": 56,
            "column": 3
          }
        },
        "line": 47
      },
      "3": {
        "name": "(anonymous_3)",
        "decl": {
          "start": {
            "line": 51,
            "column": 12
          },
          "end": {
            "line": 51,
            "column": 13
          }
        },
        "loc": {
          "start": {
            "line": 51,
            "column": 18
          },
          "end": {
            "line": 51,
            "column": 61
          }
        },
        "line": 51
      },
      "4": {
        "name": "(anonymous_4)",
        "decl": {
          "start": {
            "line": 52,
            "column": 19
          },
          "end": {
            "line": 52,
            "column": 20
          }
        },
        "loc": {
          "start": {
            "line": 52,
            "column": 25
          },
          "end": {
            "line": 52,
            "column": 30
          }
        },
        "line": 52
      },
      "5": {
        "name": "(anonymous_5)",
        "decl": {
          "start": {
            "line": 54,
            "column": 17
          },
          "end": {
            "line": 54,
            "column": 18
          }
        },
        "loc": {
          "start": {
            "line": 54,
            "column": 24
          },
          "end": {
            "line": 54,
            "column": 46
          }
        },
        "line": 54
      },
      "6": {
        "name": "(anonymous_6)",
        "decl": {
          "start": {
            "line": 55,
            "column": 11
          },
          "end": {
            "line": 55,
            "column": 12
          }
        },
        "loc": {
          "start": {
            "line": 55,
            "column": 17
          },
          "end": {
            "line": 55,
            "column": 43
          }
        },
        "line": 55
      },
      "7": {
        "name": "(anonymous_7)",
        "decl": {
          "start": {
            "line": 61,
            "column": 12
          },
          "end": {
            "line": 61,
            "column": 13
          }
        },
        "loc": {
          "start": {
            "line": 61,
            "column": 18
          },
          "end": {
            "line": 63,
            "column": 3
          }
        },
        "line": 61
      },
      "8": {
        "name": "(anonymous_8)",
        "decl": {
          "start": {
            "line": 66,
            "column": 27
          },
          "end": {
            "line": 66,
            "column": 28
          }
        },
        "loc": {
          "start": {
            "line": 72,
            "column": 5
          },
          "end": {
            "line": 94,
            "column": 1
          }
        },
        "line": 72
      },
      "9": {
        "name": "(anonymous_9)",
        "decl": {
          "start": {
            "line": 77,
            "column": 43
          },
          "end": {
            "line": 77,
            "column": 44
          }
        },
        "loc": {
          "start": {
            "line": 77,
            "column": 50
          },
          "end": {
            "line": 81,
            "column": 3
          }
        },
        "line": 77
      },
      "10": {
        "name": "(anonymous_10)",
        "decl": {
          "start": {
            "line": 86,
            "column": 12
          },
          "end": {
            "line": 86,
            "column": 13
          }
        },
        "loc": {
          "start": {
            "line": 86,
            "column": 18
          },
          "end": {
            "line": 92,
            "column": 3
          }
        },
        "line": 86
      },
      "11": {
        "name": "(anonymous_11)",
        "decl": {
          "start": {
            "line": 87,
            "column": 16
          },
          "end": {
            "line": 87,
            "column": 17
          }
        },
        "loc": {
          "start": {
            "line": 87,
            "column": 28
          },
          "end": {
            "line": 91,
            "column": 5
          }
        },
        "line": 87
      }
    },
    "branchMap": {
      "0": {
        "loc": {
          "start": {
            "line": 88,
            "column": 16
          },
          "end": {
            "line": 88,
            "column": 49
          }
        },
        "type": "binary-expr",
        "locations": [
          {
            "start": {
              "line": 88,
              "column": 16
            },
            "end": {
              "line": 88,
              "column": 38
            }
          },
          {
            "start": {
              "line": 88,
              "column": 42
            },
            "end": {
              "line": 88,
              "column": 49
            }
          }
        ],
        "line": 88
      },
      "1": {
        "loc": {
          "start": {
            "line": 89,
            "column": 17
          },
          "end": {
            "line": 89,
            "column": 51
          }
        },
        "type": "binary-expr",
        "locations": [
          {
            "start": {
              "line": 89,
              "column": 17
            },
            "end": {
              "line": 89,
              "column": 40
            }
          },
          {
            "start": {
              "line": 89,
              "column": 44
            },
            "end": {
              "line": 89,
              "column": 51
            }
          }
        ],
        "line": 89
      }
    },
    "s": {
      "0": 2,
      "1": 6,
      "2": 6,
      "3": 2,
      "4": 6,
      "5": 2,
      "6": 0,
      "7": 0,
      "8": 0,
      "9": 2,
      "10": 0,
      "11": 6,
      "12": 6,
      "13": 2,
      "14": 6,
      "15": 6,
      "16": 2,
      "17": 6,
      "18": 2,
      "19": 2,
      "20": 6
    },
    "f": {
      "0": 6,
      "1": 2,
      "2": 2,
      "3": 0,
      "4": 0,
      "5": 0,
      "6": 0,
      "7": 6,
      "8": 6,
      "9": 2,
      "10": 2,
      "11": 2
    },
    "b": {
      "0": [
        2,
        2
      ],
      "1": [
        2,
        2
      ]
    },
    "_coverageSchema": "1a1c01bbd47fc00a2c39e90264f33305004495a9",
    "hash": "dc9c304b9ec3f8112a6c1419e23f482aca76cb7d"
  },
  "/Users/karthickragavendran/Desktop/zillow-clone-safe/src/generated/graphql.ts": {
    "path": "/Users/karthickragavendran/Desktop/zillow-clone-safe/src/generated/graphql.ts",
    "statementMap": {
      "0": {
        "start": {
          "line": 3165,
          "column": 31
        },
        "end": {
          "line": 3175,
          "column": 1
        }
      },
      "1": {
        "start": {
          "line": 3177,
          "column": 45
        },
        "end": {
          "line": 3184,
          "column": 5
        }
      },
      "2": {
        "start": {
          "line": 3187,
          "column": 2
        },
        "end": {
          "line": 3187,
          "column": 77
        }
      },
      "3": {
        "start": {
          "line": 3189,
          "column": 50
        },
        "end": {
          "line": 3197,
          "column": 5
        }
      },
      "4": {
        "start": {
          "line": 3200,
          "column": 2
        },
        "end": {
          "line": 3200,
          "column": 87
        }
      },
      "5": {
        "start": {
          "line": 3202,
          "column": 47
        },
        "end": {
          "line": 3212,
          "column": 5
        }
      },
      "6": {
        "start": {
          "line": 3215,
          "column": 2
        },
        "end": {
          "line": 3215,
          "column": 81
        }
      },
      "7": {
        "start": {
          "line": 3217,
          "column": 64
        },
        "end": {
          "line": 3237,
          "column": 5
        }
      },
      "8": {
        "start": {
[...]
            "line": 266,
            "column": 44
          },
          "end": {
            "line": 266,
            "column": 45
          }
        },
        "loc": {
          "start": {
            "line": 267,
            "column": 12
          },
          "end": {
            "line": 270,
            "column": 20
          }
        },
        "line": 267
      },
      "25": {
        "name": "(anonymous_25)",
        "decl": {
          "start": {
            "line": 278,
            "column": 39
          },
          "end": {
            "line": 278,
            "column": 40
          }
        },
        "loc": {
          "start": {
            "line": 278,
            "column": 45
          },
          "end": {
            "line": 278,
            "column": 52
          }
        },
        "line": 278
      }
    },
    "branchMap": {
      "0": {
        "loc": {
          "start": {
            "line": 113,
            "column": 10
          },
          "end": {
            "line": 120,
            "column": 13
          }
        },
        "type": "if",
        "locations": [
          {
            "start": {
              "line": 113,
              "column": 10
            },
            "end": {
              "line": 120,
              "column": 13
            }
          },
          {
            "start": {},
            "end": {}
          }
        ],
        "line": 113
      },
      "1": {
        "loc": {
          "start": {
            "line": 200,
            "column": 28
          },
          "end": {
            "line": 200,
            "column": 79
          }
        },
        "type": "cond-expr",
        "locations": [
          {
            "start": {
              "line": 200,
              "column": 38
            },
            "end": {
              "line": 200,
              "column": 60
            }
          },
          {
            "start": {
              "line": 200,
              "column": 63
            },
            "end": {
              "line": 200,
              "column": 79
            }
          }
        ],
        "line": 200
      },
      "2": {
        "loc": {
          "start": {
            "line": 204,
            "column": 27
          },
          "end": {
            "line": 204,
            "column": 48
          }
        },
        "type": "binary-expr",
        "locations": [
          {
            "start": {
              "line": 204,
              "column": 27
            },
            "end": {
              "line": 204,
              "column": 41
            }
          },
          {
            "start": {
              "line": 204,
              "column": 45
            },
            "end": {
              "line": 204,
              "column": 48
            }
          }
        ],
        "line": 204
      },
      "3": {
        "loc": {
          "start": {
            "line": 229,
            "column": 28
          },
          "end": {
            "line": 229,
            "column": 79
          }
        },
        "type": "cond-expr",
        "locations": [
          {
            "start": {
              "line": 229,
              "column": 38
            },
            "end": {
              "line": 229,
              "column": 60
            }
          },
          {
            "start": {
              "line": 229,
              "column": 63
            },
            "end": {
              "line": 229,
              "column": 79
            }
          }
        ],
        "line": 229
      },
      "4": {
        "loc": {
          "start": {
            "line": 233,
            "column": 27
          },
          "end": {
            "line": 233,
            "column": 48
          }
        },
        "type": "binary-expr",
        "locations": [
          {
            "start": {
              "line": 233,
              "column": 27
            },
            "end": {
              "line": 233,
              "column": 41
            }
          },
          {
            "start": {
              "line": 233,
              "column": 45
            },
            "end": {
              "line": 233,
              "column": 48
            }
          }
        ],
        "line": 233
      },
      "5": {
        "loc": {
          "start": {
            "line": 277,
            "column": 7
          },
          "end": {
            "line": 281,
            "column": 7
          }
        },
        "type": "binary-expr",
        "locations": [
          {
            "start": {
              "line": 277,
              "column": 7
            },
            "end": {
              "line": 277,
              "column": 42
            }
          },
          {
            "start": {
              "line": 278,
              "column": 8
            },
            "end": {
              "line": 280,
              "column": 17
            }
          }
        ],
        "line": 277
      }
    },
    "s": {
      "0": 2,
      "1": 2,
      "2": 2,
      "3": 2,
      "4": 2,
      "5": 2,
      "6": 2,
      "7": 2,
      "8": 2,
      "9": 2,
      "10": 0,
      "11": 0,
      "12": 0,
      "13": 0,
      "14": 0,
      "15": 2,
      "16": 0,
      "17": 2,
      "18": 2,
      "19": 2,
      "20": 0,
      "21": 0,
      "22": 0,
      "23": 0,
      "24": 0,
      "25": 2,
      "26": 0,
      "27": 2,
      "28": 2,
      "29": 0,
      "30": 0,
      "31": 0,
      "32": 0,
      "33": 0,
      "34": 0,
      "35": 0,
      "36": 20,
      "37": 0
    },
    "f": {
      "0": 2,
      "1": 2,
      "2": 2,
      "3": 0,
      "4": 0,
      "5": 0,
      "6": 0,
      "7": 0,
      "8": 2,
      "9": 0,
      "10": 0,
      "11": 0,
      "12": 0,
      "13": 2,
      "14": 0,
      "15": 2,
      "16": 2,
      "17": 0,
      "18": 0,
      "19": 0,
      "20": 0,
      "21": 0,
      "22": 0,
      "23": 0,
      "24": 20,
      "25": 0
    },
    "b": {
      "0": [
        0,
        0
      ],
      "1": [
        0,
        0
      ],
      "2": [
        0,
        0
      ],
      "3": [
        0,
        0
      ],
      "4": [
        0,
        0
      ],
      "5": [
        2,
        0
      ]
    },
    "_coverageSchema": "1a1c01bbd47fc00a2c39e90264f33305004495a9",
    "hash": "e77b6800bc31154ea8100788f665e304244159f6"
  },
  "/Users/karthickragavendran/Desktop/zillow-clone-safe/src/components/organisms/SearchHomesFilter/index.ts": {
    "path": "/Users/karthickragavendran/Desktop/zillow-clone-safe/src/components/organisms/SearchHomesFilter/index.ts",
    "statementMap": {},
    "fnMap": {},
    "branchMap": {},
    "s": {},
    "f": {},
    "b": {},
    "_coverageSchema": "1a1c01bbd47fc00a2c39e90264f33305004495a9",
    "hash": "b50fd2f4736cab4e9140d98287f861cf26740d7b"
  },
  "/Users/karthickragavendran/Desktop/zillow-clone-safe/src/components/templates/ProductListingPage/ProductListingPage.tsx": {
    "path": "/Users/karthickragavendran/Desktop/zillow-clone-safe/src/components/templates/ProductListingPage/ProductListingPage.tsx",
    "statementMap": {
      "0": {
        "start": {
          "line": 8,
          "column": 27
        },
        "end": {
          "line": 28,
          "column": 1
        }
      },
      "1": {
        "start": {
          "line": 9,
          "column": 2
        },
        "end": {
          "line": 27,
          "column": 8
        }
      }
    },
    "fnMap": {
      "0": {
        "name": "(anonymous_0)",
        "decl": {
          "start": {
            "line": 8,
            "column": 27
          },
          "end": {
            "line": 8,
            "column": 28
          }
        },
        "loc": {
          "start": {
            "line": 9,
            "column": 2
          },
          "end": {
            "line": 27,
            "column": 8
          }
        },
        "line": 9
      }
    },
    "branchMap": {},
    "s": {
      "0": 2,
      "1": 2
    },
    "f": {
      "0": 2
    },
    "b": {},
    "_coverageSchema": "1a1c01bbd47fc00a2c39e90264f33305004495a9",
    "hash": "ccc2ed17b03bca7f1d1ba1b390c6364d9b3b6928"
  },
  "/Users/karthickragavendran/Desktop/zillow-clone-safe/src/mocks/data/cities.ts": {
    "path": "/Users/karthickragavendran/Desktop/zillow-clone-safe/src/mocks/data/cities.ts",
    "statementMap": {
      "0": {
        "start": {
          "line": 1,
          "column": 33
        },
        "end": {
          "line": 94,
          "column": 1
        }
      }
    },
    "fnMap": {},
    "branchMap": {},
    "s": {
      "0": 2
    },
    "f": {},
    "b": {},
    "_coverageSchema": "1a1c01bbd47fc00a2c39e90264f33305004495a9",
    "hash": "82a656193d4ce555f7ce7c06bfaa89c5ba20b586"
  },
  "/Users/karthickragavendran/Desktop/zillow-clone-safe/src/mocks/data/homes.ts": {
    "path": "/Users/karthickragavendran/Desktop/zillow-clone-safe/src/mocks/data/homes.ts",
    "statementMap": {
      "0": {
        "start": {
          "line": 1,
          "column": 45
        },
        "end": {
          "line": 52,
          "column": 1
        }
      },
      "1": {
        "start": {
          "line": 54,
          "column": 42
        },
        "end": {
          "line": 138,
          "column": 1
        }
      }
    },
    "fnMap": {},
    "branchMap": {},
    "s": {
      "0": 2,
      "1": 2
    },
    "f": {},
    "b": {},
    "_coverageSchema": "1a1c01bbd47fc00a2c39e90264f33305004495a9",
    "hash": "e17c2c2565e025aeb639a4856bf98839b3894b5d"
  },
  "/Users/karthickragavendran/Desktop/zillow-clone-safe/src/mocks/handlers.ts": {
    "path": "/Users/karthickragavendran/Desktop/zillow-clone-safe/src/mocks/handlers.ts",
    "statementMap": {
      "0": {
        "start": {
          "line": 10,
          "column": 18
        },
        "end": {
          "line": 12,
          "column": 1
        }
      },
      "1": {
        "start": {
          "line": 15,
          "column": 2
        },
        "end": {
          "line": 15,
          "column": 23
        }
      },
      "2": {
        "start": {
          "line": 17,
          "column": 29
        },
        "end": {
          "line": 19,
          "column": 1
        }
      },
      "3": {
        "start": {
          "line": 18,
          "column": 2
        },
        "end": {
          "line": 18,
          "column": 34
        }
      },
      "4": {
        "start": {
          "line": 21,
          "column": 41
        },
        "end": {
          "line": 24,
          "column": 1
        }
      },
      "5": {
        "start": {
          "line": 23,
          "column": 21
        },
        "end": {
          "line": 23,
          "column": 65
        }
      },
      "6": {
        "start": {
          "line": 26,
          "column": 47
        },
        "end": {
          "line": 29,
          "column": 1
        }
      },
      "7": {
        "start": {
          "line": 28,
          "column": 21
        },
        "end": {
          "line": 28,
          "column": 78
        }
      },
      "8": {
        "start": {
          "line": 30,
          "column": 49
        },
        "end": {
          "line": 33,
          "column": 1
        }
      },
      "9": {
        "start": {
          "line": 32,
          "column": 21
        },
        "end": {
          "line": 32,
          "column": 70
        }
      },
      "10": {
        "start": {
          "line": 35,
          "column": 49
        },
        "end": {
          "line": 50,
          "column": 1
        }
      },
      "11": {
        "start": {
          "line": 38,
          "column": 20
        },
        "end": {
          "line": 38,
          "column": 46
        }
      },
      "12": {
        "start": {
          "line": 39,
          "column": 54
        },
        "end": {
          "line": 39,
          "column": 73
        }
      },
      "13": {
        "start": {
          "line": 40,
          "column": 4
        },
        "end": {
          "line": 40,
          "column": 49
        }
      },
      "14": {
        "start": {
          "line": 41,
          "column": 4
        },
        "end": {
          "line": 44,
          "column": 7
        }
      },
      "15": {
        "start": {
          "line": 42,
          "column": 6
        },
        "end": {
          "line": 44,
          "column": 7
        }
      },
      "16": {
        "start": {
          "line": 43,
          "column": 18
        },
        "end": {
          "line": 43,
          "column": 70
        }
      },
      "17": {
        "start": {
          "line": 45,
          "column": 4
        },
        "end": {
          "line": 45,
          "column": 68
        }
      },
      "18": {
        "start": {
          "line": 45,
          "column": 14
        },
        "end": {
          "line": 45,
          "column": 68
        }
      },
      "19": {
        "start": {
          "line": 45,
          "column": 45
        },
        "end": {
          "line": 45,
          "column": 67
        }
      },
      "20": {
        "start": {
          "line": 47,
          "column": 4
        },
        "end": {
          "line": 47,
          "column": 70
        }
      },
      "21": {
        "start": {
          "line": 48,
          "column": 4
        },
        "end": {
          "line": 48,
          "column": 35
        }
      },
      "22": {
        "start": {
          "line": 52,
          "column": 24
        },
        "end": {
          "line": 56,
          "column": 1
        }
      }
    },
    "fnMap": {
      "0": {
        "name": "(anonymous_0)",
        "decl": {
          "start": {
            "line": 17,
            "column": 56
          },
          "end": {
            "line": 17,
            "column": 57
          }
        },
        "loc": {
          "start": {
            "line": 18,
            "column": 2
          },
          "end": {
            "line": 18,
            "column": 34
          }
        },
        "line": 18
      },
      "1": {
        "name": "(anonymous_1)",
        "decl": {
          "start": {
            "line": 23,
            "column": 2
          },
          "end": {
            "line": 23,
            "column": 3
          }
        },
        "loc": {
          "start": {
            "line": 23,
            "column": 21
          },
          "end": {
            "line": 23,
            "column": 65
          }
        },
        "line": 23
      },
      "2": {
        "name": "(anonymous_2)",
        "decl": {
          "start": {
            "line": 28,
            "column": 2
          },
          "end": {
            "line": 28,
            "column": 3
          }
        },
        "loc": {
          "start": {
            "line": 28,
            "column": 21
          },
          "end": {
            "line": 28,
            "column": 78
          }
        },
        "line": 28
      },
      "3": {
        "name": "(anonymous_3)",
        "decl": {
          "start": {
            "line": 32,
            "column": 2
          },
          "end": {
            "line": 32,
            "column": 3
          }
        },
        "loc": {
          "start": {
            "line": 32,
            "column": 21
          },
          "end": {
            "line": 32,
            "column": 70
          }
        },
        "line": 32
      },
      "4": {
        "name": "(anonymous_4)",
        "decl": {
          "start": {
            "line": 37,
            "column": 2
          },
          "end": {
            "line": 37,
            "column": 3
          }
        },
        "loc": {
          "start": {
            "line": 37,
            "column": 21
          },
          "end": {
            "line": 49,
            "column": 3
          }
        },
        "line": 37
      },
      "5": {
        "name": "(anonymous_5)",
        "decl": {
          "start": {
            "line": 43,
            "column": 8
          },
          "end": {
            "line": 43,
            "column": 9
          }
        },
        "loc": {
          "start": {
            "line": 43,
            "column": 18
          },
          "end": {
            "line": 43,
            "column": 70
          }
        },
        "line": 43
      },
      "6": {
        "name": "(anonymous_6)",
        "decl": {
          "start": {
            "line": 45,
            "column": 35
          },
          "end": {
            "line": 45,
            "column": 36
          }
        },
        "loc": {
          "start": {
            "line": 45,
            "column": 45
          },
          "end": {
            "line": 45,
            "column": 67
          }
        },
        "line": 45
      }
    },
    "branchMap": {
      "0": {
        "loc": {
          "start": {
            "line": 41,
            "column": 4
          },
          "end": {
            "line": 44,
            "column": 7
          }
        },
        "type": "if",
        "locations": [
          {
            "start": {
              "line": 41,
              "column": 4
            },
            "end": {
              "line": 44,
              "column": 7
            }
          },
          {
            "start": {},
            "end": {}
          }
        ],
        "line": 41
      },
      "1": {
        "loc": {
          "start": {
            "line": 43,
            "column": 18
          },
          "end": {
            "line": 43,
            "column": 70
          }
        },
        "type": "binary-expr",
        "locations": [
          {
            "start": {
              "line": 43,
              "column": 18
            },
            "end": {
              "line": 43,
              "column": 42
            }
          },
          {
            "start": {
              "line": 43,
              "column": 46
            },
            "end": {
              "line": 43,
              "column": 70
            }
          }
        ],
        "line": 43
      },
      "2": {
        "loc": {
          "start": {
            "line": 45,
            "column": 4
          },
          "end": {
            "line": 45,
            "column": 68
          }
        },
        "type": "if",
        "locations": [
          {
            "start": {
              "line": 45,
              "column": 4
            },
            "end": {
              "line": 45,
              "column": 68
            }
          },
          {
            "start": {},
            "end": {}
          }
        ],
        "line": 45
      }
    },
    "s": {
      "0": 2,
      "1": 2,
      "2": 2,
      "3": 0,
      "4": 2,
      "5": 1,
      "6": 2,
      "7": 0,
      "8": 2,
      "9": 0,
      "10": 2,
      "11": 1,
      "12": 1,
      "13": 1,
      "14": 1,
      "15": 0,
      "16": 0,
      "17": 1,
      "18": 0,
      "19": 0,
      "20": 1,
      "21": 1,
      "22": 2
    },
    "f": {
      "0": 0,
      "1": 1,
      "2": 0,
      "3": 0,
      "4": 1,
      "5": 0,
      "6": 0
    },
    "b": {
      "0": [
        0,
        1
      ],
      "1": [
        0,
        0
      ],
      "2": [
        0,
        1
      ]
    },
    "_coverageSchema": "1a1c01bbd47fc00a2c39e90264f33305004495a9",
    "hash": "53ba850bc3a9b679f2a01eb44bdd6815be3e7789"
  },
  "/Users/karthickragavendran/Desktop/zillow-clone-safe/src/mocks/mswWorker.ts": {
    "path": "/Users/karthickragavendran/Desktop/zillow-clone-safe/src/mocks/mswWorker.ts",
    "statementMap": {
      "0": {
        "start": {
          "line": 4,
          "column": 25
        },
        "end": {
          "line": 4,
          "column": 49
        }
      }
    },
    "fnMap": {},
    "branchMap": {},
    "s": {
      "0": 2
    },
    "f": {},
    "b": {},
    "_coverageSchema": "1a1c01bbd47fc00a2c39e90264f33305004495a9",
    "hash": "905381914dd70832bc87a94ee9c500b6a1759123"
  }
}