{
  "/Users/karthickragavendran/Desktop/zillow-clone-safe/src/config/urql.ts": {
    "path": "/Users/karthickragavendran/Desktop/zillow-clone-safe/src/config/urql.ts",
    "statementMap": {
      "0": {
        "start": {
          "line": 6,
          "column": 22
        },
        "end": {
          "line": 9,
          "column": 2
        }
      }
    },
    "fnMap": {},
    "branchMap": {},
    "s": {
      "0": 3
    },
    "f": {},
    "b": {},
    "_coverageSchema": "1a1c01bbd47fc00a2c39e90264f33305004495a9",
    "hash": "b350bdb77769c08759bc6481b910c51a54e1d624"
  },
  "/Users/karthickragavendran/Desktop/zillow-clone-safe/src/config/firebase.ts": {
    "path": "/Users/karthickragavendran/Desktop/zillow-clone-safe/src/config/firebase.ts",
    "statementMap": {
      "0": {
        "start": {
          "line": 7,
          "column": 23
        },
        "end": {
          "line": 15,
          "column": 1
        }
      },
      "1": {
        "start": {
          "line": 18,
          "column": 27
        },
        "end": {
          "line": 18,
          "column": 56
        }
      },
      "2": {
        "start": {
          "line": 20,
          "column": 18
        },
        "end": {
          "line": 20,
          "column": 43
        }
      },
      "3": {
        "start": {
          "line": 21,
          "column": 20
        },
        "end": {
          "line": 21,
          "column": 40
        }
      },
      "4": {
        "start": {
          "line": 23,
          "column": 27
        },
        "end": {
          "line": 26,
          "column": 1
        }
      }
    },
    "fnMap": {},
    "branchMap": {},
    "s": {
      "0": 3,
      "1": 3,
      "2": 3,
      "3": 3,
      "4": 3
    },
    "f": {},
    "b": {},
    "_coverageSchema": "1a1c01bbd47fc00a2c39e90264f33305004495a9",
    "hash": "ffe3c90771553661e1ee4b6e1b88e720436c2615"
  },
  "/Users/karthickragavendran/Desktop/zillow-clone-safe/src/store/user/userActions.ts": {
    "path": "/Users/karthickragavendran/Desktop/zillow-clone-safe/src/store/user/userActions.ts",
    "statementMap": {
      "0": {
        "start": {
          "line": 18,
          "column": 22
        },
        "end": {
          "line": 23,
          "column": 1
        }
      },
      "1": {
        "start": {
          "line": 21,
          "column": 4
        },
        "end": {
          "line": 21,
          "column": 59
        }
      },
      "2": {
        "start": {
          "line": 25,
          "column": 22
        },
        "end": {
          "line": 36,
          "column": 1
        }
      },
      "3": {
        "start": {
          "line": 28,
          "column": 27
        },
        "end": {
          "line": 32,
          "column": 5
        }
      },
      "4": {
        "start": {
          "line": 33,
          "column": 21
        },
        "end": {
          "line": 33,
          "column": 35
        }
      },
      "5": {
        "start": {
          "line": 34,
          "column": 4
        },
        "end": {
          "line": 34,
          "column": 57
        }
      },
      "6": {
        "start": {
          "line": 34,
          "column": 21
        },
        "end": {
          "line": 34,
          "column": 57
        }
      },
      "7": {
        "start": {
          "line": 38,
          "column": 23
        },
        "end": {
          "line": 40,
          "column": 2
        }
      },
      "8": {
        "start": {
          "line": 39,
          "column": 2
        },
        "end": {
          "line": 39,
          "column": 29
        }
      },
      "9": {
        "start": {
          "line": 42,
          "column": 30
        },
        "end": {
          "line": 47,
          "column": 1
        }
      },
      "10": {
        "start": {
          "line": 45,
          "column": 4
        },
        "end": {
          "line": 45,
          "column": 45
        }
      },
      "11": {
        "start": {
          "line": 49,
          "column": 28
        },
        "end": {
          "line": 51,
          "column": 2
        }
      },
      "12": {
        "start": {
          "line": 50,
          "column": 2
        },
        "end": {
          "line": 50,
          "column": 55
        }
      },
      "13": {
        "start": {
          "line": 53,
          "column": 29
        },
        "end": {
          "line": 56,
          "column": 2
        }
      },
      "14": {
        "start": {
          "line": 54,
          "column": 24
        },
        "end": {
          "line": 54,
          "column": 70
        }
      },
      "15": {
        "start": {
          "line": 55,
          "column": 2
        },
        "end": {
          "line": 55,
          "column": 23
        }
      }
    },
    "fnMap": {
      "0": {
        "name": "(anonymous_0)",
        "decl": {
          "start": {
            "line": 20,
            "column": 2
          },
          "end": {
            "line": 20,
            "column": 3
          }
        },
        "loc": {
          "start": {
            "line": 20,
            "column": 45
          },
          "end": {
            "line": 22,
            "column": 3
          }
        },
        "line": 20
      },
      "1": {
        "name": "(anonymous_1)",
        "decl": {
          "start": {
            "line": 27,
            "column": 2
          },
          "end": {
            "line": 27,
            "column": 3
          }
        },
        "loc": {
          "start": {
            "line": 27,
            "column": 58
          },
          "end": {
            "line": 35,
            "column": 3
          }
        },
        "line": 27
      },
      "2": {
        "name": "(anonymous_2)",
        "decl": {
          "start": {
            "line": 38,
            "column": 56
          },
          "end": {
            "line": 38,
            "column": 57
          }
        },
        "loc": {
          "start": {
            "line": 38,
            "column": 68
          },
          "end": {
            "line": 40,
            "column": 1
          }
        },
        "line": 38
      },
      "3": {
        "name": "(anonymous_3)",
        "decl": {
          "start": {
            "line": 44,
            "column": 2
          },
          "end": {
            "line": 44,
            "column": 3
          }
        },
        "loc": {
          "start": {
            "line": 44,
            "column": 27
          },
          "end": {
            "line": 46,
            "column": 3
          }
        },
        "line": 44
      },
      "4": {
        "name": "(anonymous_4)",
        "decl": {
          "start": {
            "line": 49,
            "column": 66
          },
          "end": {
            "line": 49,
            "column": 67
          }
        },
        "loc": {
          "start": {
            "line": 49,
            "column": 78
          },
          "end": {
            "line": 51,
            "column": 1
          }
        },
        "line": 49
      },
      "5": {
        "name": "(anonymous_5)",
        "decl": {
          "start": {
            "line": 53,
            "column": 60
          },
          "end": {
            "line": 53,
            "column": 61
          }
        },
        "loc": {
          "start": {
            "line": 53,
            "column": 72
          },
          "end": {
            "line": 56,
            "column": 1
          }
        },
        "line": 53
      }
    },
    "branchMap": {
      "0": {
        "loc": {
          "start": {
            "line": 34,
            "column": 4
          },
          "end": {
            "line": 34,
            "column": 57
          }
        },
        "type": "if",
        "locations": [
          {
            "start": {
              "line": 34,
              "column": 4
            },
            "end": {
              "line": 34,
              "column": 57
            }
          },
          {
            "start": {},
            "end": {}
          }
        ],
        "line": 34
      }
    },
    "s": {
      "0": 3,
      "1": 0,
      "2": 3,
      "3": 0,
      "4": 0,
      "5": 0,
      "6": 0,
      "7": 3,
      "8": 0,
      "9": 3,
      "10": 0,
      "11": 3,
      "12": 0,
      "13": 3,
      "14": 0,
      "15": 0
    },
    "f": {
      "0": 0,
      "1": 0,
      "2": 0,
      "3": 0,
      "4": 0,
      "5": 0
    },
    "b": {
      "0": [0, 0]
    },
    "_coverageSchema": "1a1c01bbd47fc00a2c39e90264f33305004495a9",
    "hash": "ea2840d60d5332fada2dcb1f14047976d0d0488e"
  },
  "/Users/karthickragavendran/Desktop/zillow-clone-safe/src/store/user/userSlice.ts": {
    "path": "/Users/karthickragavendran/Desktop/zillow-clone-safe/src/store/user/userSlice.ts",
    "statementMap": {
      "0": {
        "start": {
          "line": 13,
          "column": 32
        },
        "end": {
          "line": 21,
          "column": 1
        }
      },
      "1": {
        "start": {
          "line": 26,
          "column": 2
        },
        "end": {
          "line": 39,
          "column": 3
        }
      },
      "2": {
        "start": {
          "line": 35,
          "column": 2
        },
        "end": {
          "line": 39,
          "column": 3
        }
      },
      "3": {
        "start": {
          "line": 36,
          "column": 4
        },
        "end": {
          "line": 36,
          "column": 31
        }
      },
      "4": {
        "start": {
          "line": 37,
          "column": 4
        },
        "end": {
          "line": 37,
          "column": 27
        }
      },
      "5": {
        "start": {
          "line": 38,
          "column": 4
        },
        "end": {
          "line": 38,
          "column": 23
        }
      },
      "6": {
        "start": {
          "line": 41,
          "column": 25
        },
        "end": {
          "line": 94,
          "column": 2
        }
      },
      "7": {
        "start": {
          "line": 46,
          "column": 6
        },
        "end": {
          "line": 46,
          "column": 50
        }
      },
      "8": {
        "start": {
          "line": 47,
          "column": 6
        },
        "end": {
          "line": 47,
          "column": 66
        }
      },
      "9": {
        "start": {
          "line": 48,
          "column": 6
        },
        "end": {
          "line": 48,
          "column": 28
        }
      },
      "10": {
        "start": {
          "line": 49,
          "column": 6
        },
        "end": {
          "line": 49,
          "column": 27
        }
      },
      "11": {
        "start": {
          "line": 50,
          "column": 6
        },
        "end": {
          "line": 50,
          "column": 25
        }
      },
      "12": {
        "start": {
          "line": 53,
          "column": 21
        },
        "end": {
          "line": 53,
          "column": 33
        }
      },
      "13": {
        "start": {
          "line": 95,
          "column": 27
        },
        "end": {
          "line": 95,
          "column": 44
        }
      }
    },
    "fnMap": {
      "0": {
        "name": "(anonymous_0)",
        "decl": {
          "start": {
            "line": 26,
            "column": 2
          },
          "end": {
            "line": 26,
            "column": 3
          }
        },
        "loc": {
          "start": {
            "line": 35,
            "column": 2
          },
          "end": {
            "line": 39,
            "column": 3
          }
        },
        "line": 35
      },
      "1": {
        "name": "(anonymous_1)",
        "decl": {
          "start": {
            "line": 35,
            "column": 2
          },
          "end": {
            "line": 35,
            "column": 3
          }
        },
        "loc": {
          "start": {
            "line": 35,
            "column": 39
          },
          "end": {
            "line": 39,
            "column": 3
          }
        },
        "line": 35
      },
      "2": {
        "name": "(anonymous_2)",
        "decl": {
          "start": {
            "line": 45,
            "column": 13
          },
          "end": {
            "line": 45,
            "column": 14
          }
        },
        "loc": {
          "start": {
            "line": 45,
            "column": 60
          },
          "end": {
            "line": 51,
            "column": 5
          }
        },
        "line": 45
      },
      "3": {
        "name": "(anonymous_3)",
        "decl": {
          "start": {
            "line": 53,
            "column": 15
          },
          "end": {
            "line": 53,
            "column": 16
          }
        },
        "loc": {
          "start": {
            "line": 53,
            "column": 21
          },
          "end": {
            "line": 53,
            "column": 33
          }
        },
        "line": 53
      }
    },
    "branchMap": {
      "0": {
        "loc": {
          "start": {
            "line": 27,
            "column": 4
          },
          "end": {
            "line": 27,
            "column": 21
          }
        },
        "type": "default-arg",
        "locations": [
          {
            "start": {
              "line": 27,
              "column": 16
            },
            "end": {
              "line": 27,
              "column": 21
            }
          }
        ],
        "line": 27
      },
      "1": {
        "loc": {
          "start": {
            "line": 28,
            "column": 4
          },
          "end": {
            "line": 28,
            "column": 19
          }
        },
        "type": "default-arg",
        "locations": [
          {
            "start": {
              "line": 28,
              "column": 14
            },
            "end": {
              "line": 28,
              "column": 19
            }
          }
        ],
        "line": 28
      },
      "2": {
        "loc": {
          "start": {
            "line": 29,
            "column": 4
          },
          "end": {
            "line": 29,
            "column": 17
          }
        },
        "type": "default-arg",
        "locations": [
          {
            "start": {
              "line": 29,
              "column": 12
            },
            "end": {
              "line": 29,
              "column": 17
            }
          }
        ],
        "line": 29
      },
      "3": {
        "loc": {
          "start": {
            "line": 46,
            "column": 23
          },
          "end": {
            "line": 46,
            "column": 50
          }
        },
        "type": "binary-expr",
        "locations": [
          {
            "start": {
              "line": 46,
              "column": 23
            },
            "end": {
              "line": 46,
              "column": 42
            }
          },
          {
            "start": {
              "line": 46,
              "column": 46
            },
            "end": {
              "line": 46,
              "column": 50
            }
          }
        ],
        "line": 46
      },
      "4": {
        "loc": {
          "start": {
            "line": 47,
            "column": 31
          },
          "end": {
            "line": 47,
            "column": 66
          }
        },
        "type": "binary-expr",
        "locations": [
          {
            "start": {
              "line": 47,
              "column": 31
            },
            "end": {
              "line": 47,
              "column": 58
            }
          },
          {
            "start": {
              "line": 47,
              "column": 62
            },
            "end": {
              "line": 47,
              "column": 66
            }
          }
        ],
        "line": 47
      }
    },
    "s": {
      "0": 3,
      "1": 3,
      "2": 45,
      "3": 0,
      "4": 0,
      "5": 0,
      "6": 3,
      "7": 0,
      "8": 0,
      "9": 0,
      "10": 0,
      "11": 0,
      "12": 0,
      "13": 3
    },
    "f": {
      "0": 45,
      "1": 0,
      "2": 0,
      "3": 0
    },
    "b": {
      "0": [30],
      "1": [30],
      "2": [30],
      "3": [0, 0],
      "4": [0, 0]
    },
    "_coverageSchema": "1a1c01bbd47fc00a2c39e90264f33305004495a9",
    "hash": "ee4fff071ed228cdd5e11daa76589ed2399b3e4e"
  },
  "/Users/karthickragavendran/Desktop/zillow-clone-safe/src/store/user/userSelectors.ts": {
    "path": "/Users/karthickragavendran/Desktop/zillow-clone-safe/src/store/user/userSelectors.ts",
    "statementMap": {
      "0": {
        "start": {
          "line": 3,
          "column": 26
        },
        "end": {
          "line": 3,
          "column": 58
        }
      },
      "1": {
        "start": {
          "line": 3,
          "column": 48
        },
        "end": {
          "line": 3,
          "column": 58
        }
      }
    },
    "fnMap": {
      "0": {
        "name": "(anonymous_0)",
        "decl": {
          "start": {
            "line": 3,
            "column": 26
          },
          "end": {
            "line": 3,
            "column": 27
          }
        },
        "loc": {
          "start": {
            "line": 3,
            "column": 48
          },
          "end": {
            "line": 3,
            "column": 58
          }
        },
        "line": 3
      }
    },
    "branchMap": {},
    "s": {
      "0": 3,
      "1": 0
    },
    "f": {
      "0": 0
    },
    "b": {},
    "_coverageSchema": "1a1c01bbd47fc00a2c39e90264f33305004495a9",
    "hash": "3ac372c6d6123e89f3072ef87d3d0787de6ef7fa"
  },
  "/Users/karthickragavendran/Desktop/zillow-clone-safe/src/store/user/userHooks.ts": {
    "path": "/Users/karthickragavendran/Desktop/zillow-clone-safe/src/store/user/userHooks.ts",
    "statementMap": {
      "0": {
        "start": {
          "line": 8,
          "column": 19
        },
        "end": {
          "line": 8,
          "column": 35
        }
      },
      "1": {
        "start": {
          "line": 9,
          "column": 2
        },
        "end": {
          "line": 16,
          "column": 16
        }
      },
      "2": {
        "start": {
          "line": 10,
          "column": 24
        },
        "end": {
          "line": 14,
          "column": 6
        }
      },
      "3": {
        "start": {
          "line": 11,
          "column": 6
        },
        "end": {
          "line": 13,
          "column": 34
        }
      },
      "4": {
        "start": {
          "line": 12,
          "column": 8
        },
        "end": {
          "line": 12,
          "column": 75
        }
      },
      "5": {
        "start": {
          "line": 13,
          "column": 11
        },
        "end": {
          "line": 13,
          "column": 34
        }
      },
      "6": {
        "start": {
          "line": 15,
          "column": 4
        },
        "end": {
          "line": 15,
          "column": 22
        }
      }
    },
    "fnMap": {
      "0": {
        "name": "useUserListener",
        "decl": {
          "start": {
            "line": 7,
            "column": 16
          },
          "end": {
            "line": 7,
            "column": 31
          }
        },
        "loc": {
          "start": {
            "line": 7,
            "column": 34
          },
          "end": {
            "line": 17,
            "column": 1
          }
        },
        "line": 7
      },
      "1": {
        "name": "(anonymous_1)",
        "decl": {
          "start": {
            "line": 9,
            "column": 12
          },
          "end": {
            "line": 9,
            "column": 13
          }
        },
        "loc": {
          "start": {
            "line": 9,
            "column": 18
          },
          "end": {
            "line": 16,
            "column": 3
          }
        },
        "line": 9
      },
      "2": {
        "name": "(anonymous_2)",
        "decl": {
          "start": {
            "line": 10,
            "column": 49
          },
          "end": {
            "line": 10,
            "column": 50
          }
        },
        "loc": {
          "start": {
            "line": 10,
            "column": 59
          },
          "end": {
            "line": 14,
            "column": 5
          }
        },
        "line": 10
      }
    },
    "branchMap": {
      "0": {
        "loc": {
          "start": {
            "line": 11,
            "column": 6
          },
          "end": {
            "line": 13,
            "column": 34
          }
        },
        "type": "if",
        "locations": [
          {
            "start": {
              "line": 11,
              "column": 6
            },
            "end": {
              "line": 13,
              "column": 34
            }
          },
          {
            "start": {
              "line": 13,
              "column": 11
            },
            "end": {
              "line": 13,
              "column": 34
            }
          }
        ],
        "line": 11
      }
    },
    "s": {
      "0": 0,
      "1": 0,
      "2": 0,
      "3": 0,
      "4": 0,
      "5": 0,
      "6": 0
    },
    "f": {
      "0": 0,
      "1": 0,
      "2": 0
    },
    "b": {
      "0": [0, 0]
    },
    "_coverageSchema": "1a1c01bbd47fc00a2c39e90264f33305004495a9",
    "hash": "3b8a0cc57cf64a2b919533429aa818a584364a4e"
  },
  "/Users/karthickragavendran/Desktop/zillow-clone-safe/src/store/user/index.ts": {
    "path": "/Users/karthickragavendran/Desktop/zillow-clone-safe/src/store/user/index.ts",
    "statementMap": {},
    "fnMap": {},
    "branchMap": {},
    "s": {},
    "f": {},
    "b": {},
    "_coverageSchema": "1a1c01bbd47fc00a2c39e90264f33305004495a9",
    "hash": "c956ad7fd9d33f90e25dfb822f19a071817e8a74"
  },
  "/Users/karthickragavendran/Desktop/zillow-clone-safe/src/store/map/mapSlice.ts": {
    "path": "/Users/karthickragavendran/Desktop/zillow-clone-safe/src/store/map/mapSlice.ts",
    "statementMap": {
      "0": {
        "start": {
          "line": 18,
          "column": 31
        },
        "end": {
          "line": 33,
          "column": 1
        }
      },
      "1": {
        "start": {
          "line": 35,
          "column": 17
        },
        "end": {
          "line": 73,
          "column": 2
        }
      },
      "2": {
        "start": {
          "line": 40,
          "column": 6
        },
        "end": {
          "line": 40,
          "column": 37
        }
      },
      "3": {
        "start": {
          "line": 43,
          "column": 6
        },
        "end": {
          "line": 43,
          "column": 42
        }
      },
      "4": {
        "start": {
          "line": 46,
          "column": 6
        },
        "end": {
          "line": 46,
          "column": 35
        }
      },
      "5": {
        "start": {
          "line": 49,
          "column": 6
        },
        "end": {
          "line": 49,
          "column": 30
        }
      },
      "6": {
        "start": {
          "line": 52,
          "column": 6
        },
        "end": {
          "line": 52,
          "column": 30
        }
      },
      "7": {
        "start": {
          "line": 55,
          "column": 6
        },
        "end": {
          "line": 55,
          "column": 39
        }
      },
      "8": {
        "start": {
          "line": 61,
          "column": 6
        },
        "end": {
          "line": 61,
          "column": 45
        }
      },
      "9": {
        "start": {
          "line": 67,
          "column": 6
        },
        "end": {
          "line": 67,
          "column": 46
        }
      },
      "10": {
        "start": {
          "line": 70,
          "column": 6
        },
        "end": {
          "line": 70,
          "column": 44
        }
      },
      "11": {
        "start": {
          "line": 88,
          "column": 4
        },
        "end": {
          "line": 88,
          "column": 20
        }
      },
      "12": {
        "start": {
          "line": 93,
          "column": 32
        },
        "end": {
          "line": 93,
          "column": 74
        }
      },
      "13": {
        "start": {
          "line": 93,
          "column": 54
        },
        "end": {
          "line": 93,
          "column": 74
        }
      },
      "14": {
        "start": {
          "line": 95,
          "column": 38
        },
        "end": {
          "line": 96,
          "column": 28
        }
      },
      "15": {
        "start": {
          "line": 96,
          "column": 2
        },
        "end": {
          "line": 96,
          "column": 28
        }
      },
      "16": {
        "start": {
          "line": 98,
          "column": 39
        },
        "end": {
          "line": 99,
          "column": 29
        }
      },
      "17": {
        "start": {
          "line": 99,
          "column": 2
        },
        "end": {
          "line": 99,
          "column": 29
        }
      },
      "18": {
        "start": {
          "line": 101,
          "column": 30
        },
        "end": {
          "line": 101,
          "column": 70
        }
      },
      "19": {
        "start": {
          "line": 101,
          "column": 52
        },
        "end": {
          "line": 101,
          "column": 70
        }
      },
      "20": {
        "start": {
          "line": 103,
          "column": 28
        },
        "end": {
          "line": 103,
          "column": 66
        }
      },
      "21": {
        "start": {
          "line": 103,
          "column": 50
        },
        "end": {
          "line": 103,
          "column": 66
        }
      }
    },
    "fnMap": {
      "0": {
        "name": "(anonymous_0)",
        "decl": {
          "start": {
            "line": 39,
            "column": 17
          },
          "end": {
            "line": 39,
            "column": 18
          }
        },
        "loc": {
          "start": {
            "line": 39,
            "column": 73
          },
          "end": {
            "line": 41,
            "column": 5
          }
        },
        "line": 39
      },
      "1": {
        "name": "(anonymous_1)",
        "decl": {
          "start": {
            "line": 42,
            "column": 13
          },
          "end": {
            "line": 42,
            "column": 14
          }
        },
        "loc": {
          "start": {
            "line": 42,
            "column": 77
          },
          "end": {
            "line": 44,
            "column": 5
          }
        },
        "line": 42
      },
      "2": {
        "name": "(anonymous_2)",
        "decl": {
          "start": {
            "line": 45,
            "column": 15
          },
          "end": {
            "line": 45,
            "column": 16
          }
        },
        "loc": {
          "start": {
            "line": 45,
            "column": 69
          },
          "end": {
            "line": 47,
            "column": 5
          }
        },
        "line": 45
      },
      "3": {
        "name": "(anonymous_3)",
        "decl": {
          "start": {
            "line": 48,
            "column": 12
          },
          "end": {
            "line": 48,
            "column": 13
          }
        },
        "loc": {
          "start": {
            "line": 48,
            "column": 23
          },
          "end": {
            "line": 50,
            "column": 5
          }
        },
        "line": 48
      },
      "4": {
        "name": "(anonymous_4)",
        "decl": {
          "start": {
            "line": 51,
            "column": 13
          },
          "end": {
            "line": 51,
            "column": 14
          }
        },
        "loc": {
          "start": {
            "line": 51,
            "column": 24
          },
          "end": {
            "line": 53,
            "column": 5
          }
        },
        "line": 51
      },
      "5": {
        "name": "(anonymous_5)",
        "decl": {
          "start": {
            "line": 54,
            "column": 19
          },
          "end": {
            "line": 54,
            "column": 20
          }
        },
        "loc": {
          "start": {
            "line": 54,
            "column": 77
          },
          "end": {
            "line": 56,
            "column": 5
          }
        },
        "line": 54
      },
      "6": {
        "name": "(anonymous_6)",
        "decl": {
          "start": {
            "line": 57,
            "column": 25
          },
          "end": {
            "line": 57,
            "column": 26
          }
        },
        "loc": {
          "start": {
            "line": 60,
            "column": 9
          },
          "end": {
            "line": 62,
            "column": 5
          }
        },
        "line": 60
      },
      "7": {
        "name": "(anonymous_7)",
        "decl": {
          "start": {
            "line": 63,
            "column": 26
          },
          "end": {
            "line": 63,
            "column": 27
          }
        },
        "loc": {
          "start": {
            "line": 66,
            "column": 9
          },
          "end": {
            "line": 68,
            "column": 5
          }
        },
        "line": 66
      },
      "8": {
        "name": "(anonymous_8)",
        "decl": {
          "start": {
            "line": 69,
            "column": 14
          },
          "end": {
            "line": 69,
            "column": 15
          }
        },
        "loc": {
          "start": {
            "line": 69,
            "column": 25
          },
          "end": {
            "line": 71,
            "column": 5
          }
        },
        "line": 69
      },
      "9": {
        "name": "(anonymous_9)",
        "decl": {
          "start": {
            "line": 93,
            "column": 32
          },
          "end": {
            "line": 93,
            "column": 33
          }
        },
        "loc": {
          "start": {
            "line": 93,
            "column": 54
          },
          "end": {
            "line": 93,
            "column": 74
          }
        },
        "line": 93
      },
      "10": {
        "name": "(anonymous_10)",
        "decl": {
          "start": {
            "line": 95,
            "column": 38
          },
          "end": {
            "line": 95,
            "column": 39
          }
        },
        "loc": {
          "start": {
            "line": 96,
            "column": 2
          },
          "end": {
            "line": 96,
            "column": 28
          }
        },
        "line": 96
      },
      "11": {
        "name": "(anonymous_11)",
        "decl": {
          "start": {
            "line": 98,
            "column": 39
          },
          "end": {
            "line": 98,
            "column": 40
          }
        },
        "loc": {
          "start": {
            "line": 99,
            "column": 2
          },
          "end": {
            "line": 99,
            "column": 29
          }
        },
        "line": 99
      },
      "12": {
        "name": "(anonymous_12)",
        "decl": {
          "start": {
            "line": 101,
            "column": 30
          },
          "end": {
            "line": 101,
            "column": 31
          }
        },
        "loc": {
          "start": {
            "line": 101,
            "column": 52
          },
          "end": {
            "line": 101,
            "column": 70
          }
        },
        "line": 101
      },
      "13": {
        "name": "(anonymous_13)",
        "decl": {
          "start": {
            "line": 103,
            "column": 28
          },
          "end": {
            "line": 103,
            "column": 29
          }
        },
        "loc": {
          "start": {
            "line": 103,
            "column": 50
          },
          "end": {
            "line": 103,
            "column": 66
          }
        },
        "line": 103
      }
    },
    "branchMap": {},
    "s": {
      "0": 3,
      "1": 3,
      "2": 0,
      "3": 0,
      "4": 0,
      "5": 0,
      "6": 0,
      "7": 0,
      "8": 0,
      "9": 0,
      "10": 0,
      "11": 3,
      "12": 3,
      "13": 0,
      "14": 3,
      "15": 0,
      "16": 3,
      "17": 0,
      "18": 3,
      "19": 0,
      "20": 3,
      "21": 0
    },
    "f": {
      "0": 0,
      "1": 0,
      "2": 0,
      "3": 0,
      "4": 0,
      "5": 0,
      "6": 0,
      "7": 0,
      "8": 0,
      "9": 0,
      "10": 0,
      "11": 0,
      "12": 0,
      "13": 0
    },
    "b": {},
    "_coverageSchema": "1a1c01bbd47fc00a2c39e90264f33305004495a9",
    "hash": "1cb64af22eba8e2c733554c55793a0034cacc42b"
  },
  "/Users/karthickragavendran/Desktop/zillow-clone-safe/src/store/home/homeSlice.ts": {
    "path": "/Users/karthickragavendran/Desktop/zillow-clone-safe/src/store/home/homeSlice.ts",
    "statementMap": {
      "0": {
        "start": {
          "line": 34,
          "column": 36
        },
        "end": {
          "line": 56,
          "column": 1
        }
      },
      "1": {
        "start": {
          "line": 58,
          "column": 18
        },
        "end": {
          "line": 99,
          "column": 2
        }
      },
      "2": {
        "start": {
          "line": 66,
          "column": 6
        },
        "end": {
          "line": 66,
          "column": 40
        }
      },
      "3": {
        "start": {
          "line": 70,
          "column": 6
        },
        "end": {
          "line": 70,
          "column": 34
        }
      },
      "4": {
        "start": {
          "line": 74,
          "column": 6
        },
        "end": {
          "line": 74,
          "column": 35
        }
      },
      "5": {
        "start": {
          "line": 78,
          "column": 6
        },
        "end": {
          "line": 78,
          "column": 35
        }
      },
      "6": {
        "start": {
          "line": 84,
          "column": 6
        },
        "end": {
          "line": 84,
          "column": 58
        }
      },
      "7": {
        "start": {
          "line": 90,
          "column": 6
        },
        "end": {
          "line": 90,
          "column": 58
        }
      },
      "8": {
        "start": {
          "line": 96,
          "column": 6
        },
        "end": {
          "line": 96,
          "column": 59
        }
      },
      "9": {
        "start": {
          "line": 109,
          "column": 4
        },
        "end": {
          "line": 109,
          "column": 21
        }
      },
      "10": {
        "start": {
          "line": 112,
          "column": 30
        },
        "end": {
          "line": 112,
          "column": 68
        }
      },
      "11": {
        "start": {
          "line": 112,
          "column": 52
        },
        "end": {
          "line": 112,
          "column": 68
        }
      },
      "12": {
        "start": {
          "line": 113,
          "column": 31
        },
        "end": {
          "line": 113,
          "column": 70
        }
      },
      "13": {
        "start": {
          "line": 113,
          "column": 53
        },
        "end": {
          "line": 113,
          "column": 70
        }
      },
      "14": {
        "start": {
          "line": 114,
          "column": 31
        },
        "end": {
          "line": 114,
          "column": 70
        }
      },
      "15": {
        "start": {
          "line": 114,
          "column": 53
        },
        "end": {
          "line": 114,
          "column": 70
        }
      },
      "16": {
        "start": {
          "line": 116,
          "column": 33
        },
        "end": {
          "line": 120,
          "column": 1
        }
      },
      "17": {
        "start": {
          "line": 119,
          "column": 4
        },
        "end": {
          "line": 119,
          "column": 56
        }
      },
      "18": {
        "start": {
          "line": 121,
          "column": 30
        },
        "end": {
          "line": 124,
          "column": 1
        }
      },
      "19": {
        "start": {
          "line": 123,
          "column": 29
        },
        "end": {
          "line": 123,
          "column": 72
        }
      },
      "20": {
        "start": {
          "line": 126,
          "column": 39
        },
        "end": {
          "line": 127,
          "column": 42
        }
      },
      "21": {
        "start": {
          "line": 127,
          "column": 2
        },
        "end": {
          "line": 127,
          "column": 42
        }
      },
      "22": {
        "start": {
          "line": 128,
          "column": 39
        },
        "end": {
          "line": 129,
          "column": 42
        }
      },
      "23": {
        "start": {
          "line": 129,
          "column": 2
        },
        "end": {
          "line": 129,
          "column": 42
        }
      },
      "24": {
        "start": {
          "line": 130,
          "column": 40
        },
        "end": {
          "line": 131,
          "column": 43
        }
      },
      "25": {
        "start": {
          "line": 131,
          "column": 2
        },
        "end": {
          "line": 131,
          "column": 43
        }
      },
      "26": {
        "start": {
          "line": 133,
          "column": 30
        },
        "end": {
          "line": 145,
          "column": 1
        }
      },
      "27": {
        "start": {
          "line": 134,
          "column": 19
        },
        "end": {
          "line": 134,
          "column": 57
        }
      },
      "28": {
        "start": {
          "line": 135,
          "column": 2
        },
        "end": {
          "line": 144,
          "column": 3
        }
      },
      "29": {
        "start": {
          "line": 147,
          "column": 33
        },
        "end": {
          "line": 177,
          "column": 1
        }
      },
      "30": {
        "start": {
          "line": 150,
          "column": 26
        },
        "end": {
          "line": 150,
          "column": 49
        }
      },
      "31": {
        "start": {
          "line": 151,
          "column": 26
        },
        "end": {
          "line": 151,
          "column": 48
        }
      },
      "32": {
        "start": {
          "line": 161,
          "column": 61
        },
        "end": {
          "line": 161,
          "column": 68
        }
      },
      "33": {
        "start": {
          "line": 162,
          "column": 20
        },
        "end": {
          "line": 162,
          "column": 53
        }
      },
      "34": {
        "start": {
          "line": 163,
          "column": 20
        },
        "end": {
          "line": 163,
          "column": 53
        }
      },
      "35": {
        "start": {
          "line": 165,
          "column": 51
        },
        "end": {
          "line": 165,
          "column": 72
        }
      },
      "36": {
        "start": {
          "line": 167,
          "column": 4
        },
        "end": {
          "line": 167,
          "column": 49
        }
      },
      "37": {
        "start": {
          "line": 167,
          "column": 14
        },
        "end": {
          "line": 167,
          "column": 49
        }
      },
      "38": {
        "start": {
          "line": 168,
          "column": 4
        },
        "end": {
          "line": 168,
          "column": 49
        }
      },
      "39": {
        "start": {
          "line": 168,
          "column": 14
        },
        "end": {
          "line": 168,
          "column": 49
        }
      },
      "40": {
        "start": {
          "line": 169,
          "column": 4
        },
        "end": {
          "line": 169,
          "column": 64
        }
      },
      "41": {
        "start": {
          "line": 169,
          "column": 14
        },
        "end": {
          "line": 169,
          "column": 64
        }
      },
      "42": {
        "start": {
          "line": 170,
          "column": 4
        },
        "end": {
          "line": 170,
          "column": 68
        }
      },
      "43": {
        "start": {
          "line": 170,
          "column": 15
        },
        "end": {
          "line": 170,
          "column": 68
        }
      },
      "44": {
        "start": {
          "line": 171,
          "column": 4
        },
        "end": {
          "line": 172,
          "column": 71
        }
      },
      "45": {
        "start": {
          "line": 172,
          "column": 6
        },
        "end": {
          "line": 172,
          "column": 71
        }
      },
      "46": {
        "start": {
          "line": 173,
          "column": 4
        },
        "end": {
          "line": 173,
          "column": 54
        }
      },
      "47": {
        "start": {
          "line": 173,
          "column": 18
        },
        "end": {
          "line": 173,
          "column": 54
        }
      },
      "48": {
        "start": {
          "line": 175,
          "column": 4
        },
        "end": {
          "line": 175,
          "column": 59
        }
      },
      "49": {
        "start": {
          "line": 179,
          "column": 35
        },
        "end": {
          "line": 199,
          "column": 1
        }
      },
      "50": {
        "start": {
          "line": 180,
          "column": 41
        },
        "end": {
          "line": 180,
          "column": 64
        }
      },
      "51": {
        "start": {
          "line": 188,
          "column": 55
        },
        "end": {
          "line": 192,
          "column": 5
        }
      },
      "52": {
        "start": {
          "line": 194,
          "column": 4
        },
        "end": {
          "line": 197,
          "column": 5
        }
      },
      "53": {
        "start": {
          "line": 201,
          "column": 35
        },
        "end": {
          "line": 221,
          "column": 1
        }
      },
      "54": {
        "start": {
          "line": 202,
          "column": 41
        },
        "end": {
          "line": 202,
          "column": 64
        }
      },
      "55": {
        "start": {
          "line": 210,
          "column": 55
        },
        "end": {
          "line": 214,
          "column": 5
        }
      },
      "56": {
        "start": {
          "line": 216,
          "column": 4
        },
        "end": {
          "line": 219,
          "column": 5
        }
      }
    },
    "fnMap": {
      "0": {
        "name": "(anonymous_0)",
        "decl": {
          "start": {
            "line": 62,
            "column": 20
          },
          "end": {
            "line": 62,
            "column": 21
          }
        },
        "loc": {
          "start": {
            "line": 65,
            "column": 9
          },
          "end": {
            "line": 67,
            "column": 5
          }
        },
        "line": 65
      },
      "1": {
        "name": "(anonymous_1)",
        "decl": {
          "start": {
            "line": 68,
            "column": 14
          },
          "end": {
            "line": 68,
            "column": 15
          }
        },
        "loc": {
          "start": {
            "line": 68,
            "column": 72
          },
          "end": {
            "line": 71,
            "column": 5
          }
        },
        "line": 68
      },
      "2": {
        "name": "(anonymous_2)",
        "decl": {
          "start": {
            "line": 72,
            "column": 15
          },
          "end": {
            "line": 72,
            "column": 16
          }
        },
        "loc": {
          "start": {
            "line": 72,
            "column": 74
          },
          "end": {
            "line": 75,
            "column": 5
          }
        },
        "line": 72
      },
      "3": {
        "name": "(anonymous_3)",
        "decl": {
          "start": {
            "line": 76,
            "column": 15
          },
          "end": {
            "line": 76,
            "column": 16
          }
        },
        "loc": {
          "start": {
            "line": 76,
            "column": 74
          },
          "end": {
            "line": 79,
            "column": 5
          }
        },
        "line": 76
      },
      "4": {
        "name": "(anonymous_4)",
        "decl": {
          "start": {
            "line": 80,
            "column": 26
          },
          "end": {
            "line": 80,
            "column": 27
          }
        },
        "loc": {
          "start": {
            "line": 83,
            "column": 9
          },
          "end": {
            "line": 85,
            "column": 5
          }
        },
        "line": 83
      },
      "5": {
        "name": "(anonymous_5)",
        "decl": {
          "start": {
            "line": 86,
            "column": 26
          },
          "end": {
            "line": 86,
            "column": 27
          }
        },
        "loc": {
          "start": {
            "line": 89,
            "column": 9
          },
          "end": {
            "line": 91,
            "column": 5
          }
        },
        "line": 89
      },
      "6": {
        "name": "(anonymous_6)",
        "decl": {
          "start": {
            "line": 92,
            "column": 27
          },
          "end": {
            "line": 92,
            "column": 28
          }
        },
        "loc": {
          "start": {
            "line": 95,
            "column": 9
          },
          "end": {
            "line": 97,
            "column": 5
          }
        },
        "line": 95
      },
      "7": {
        "name": "(anonymous_7)",
        "decl": {
          "start": {
            "line": 112,
            "column": 30
          },
          "end": {
            "line": 112,
            "column": 31
          }
        },
        "loc": {
          "start": {
            "line": 112,
            "column": 52
          },
          "end": {
            "line": 112,
            "column": 68
          }
        },
        "line": 112
      },
      "8": {
        "name": "(anonymous_8)",
        "decl": {
          "start": {
            "line": 113,
            "column": 31
          },
          "end": {
            "line": 113,
            "column": 32
          }
        },
        "loc": {
          "start": {
            "line": 113,
            "column": 53
          },
          "end": {
            "line": 113,
            "column": 70
          }
        },
        "line": 113
      },
      "9": {
        "name": "(anonymous_9)",
        "decl": {
          "start": {
            "line": 114,
            "column": 31
          },
          "end": {
            "line": 114,
            "column": 32
          }
        },
        "loc": {
          "start": {
            "line": 114,
            "column": 53
          },
          "end": {
            "line": 114,
            "column": 70
          }
        },
        "line": 114
      },
      "10": {
        "name": "(anonymous_10)",
        "decl": {
          "start": {
            "line": 118,
            "column": 2
          },
          "end": {
            "line": 118,
            "column": 3
          }
        },
        "loc": {
          "start": {
            "line": 119,
            "column": 4
          },
          "end": {
            "line": 119,
            "column": 56
          }
        },
        "line": 119
      },
      "11": {
        "name": "(anonymous_11)",
        "decl": {
          "start": {
            "line": 123,
            "column": 2
          },
          "end": {
            "line": 123,
            "column": 3
          }
        },
        "loc": {
          "start": {
            "line": 123,
            "column": 29
          },
          "end": {
            "line": 123,
            "column": 72
          }
        },
        "line": 123
      },
      "12": {
        "name": "(anonymous_12)",
        "decl": {
          "start": {
            "line": 126,
            "column": 39
          },
          "end": {
            "line": 126,
            "column": 40
          }
        },
        "loc": {
          "start": {
            "line": 127,
            "column": 2
          },
          "end": {
            "line": 127,
            "column": 42
          }
        },
        "line": 127
      },
      "13": {
        "name": "(anonymous_13)",
        "decl": {
          "start": {
            "line": 128,
            "column": 39
          },
          "end": {
            "line": 128,
            "column": 40
          }
        },
        "loc": {
          "start": {
            "line": 129,
            "column": 2
          },
          "end": {
            "line": 129,
            "column": 42
          }
        },
        "line": 129
      },
      "14": {
        "name": "(anonymous_14)",
        "decl": {
          "start": {
            "line": 130,
            "column": 40
          },
          "end": {
            "line": 130,
            "column": 41
          }
        },
        "loc": {
          "start": {
            "line": 131,
            "column": 2
          },
          "end": {
            "line": 131,
            "column": 43
          }
        },
        "line": 131
      },
      "15": {
        "name": "(anonymous_15)",
        "decl": {
          "start": {
            "line": 133,
            "column": 30
          },
          "end": {
            "line": 133,
            "column": 31
          }
        },
        "loc": {
          "start": {
            "line": 133,
            "column": 68
          },
          "end": {
            "line": 145,
            "column": 1
          }
        },
        "line": 133
      },
      "16": {
        "name": "(anonymous_16)",
        "decl": {
          "start": {
            "line": 150,
            "column": 4
          },
          "end": {
            "line": 150,
            "column": 5
          }
        },
        "loc": {
          "start": {
            "line": 150,
            "column": 26
          },
          "end": {
            "line": 150,
            "column": 49
          }
        },
        "line": 150
      },
      "17": {
        "name": "(anonymous_17)",
        "decl": {
          "start": {
            "line": 151,
            "column": 4
          },
          "end": {
            "line": 151,
            "column": 5
          }
        },
        "loc": {
          "start": {
            "line": 151,
            "column": 26
          },
          "end": {
            "line": 151,
            "column": 48
          }
        },
        "line": 151
      },
      "18": {
        "name": "(anonymous_18)",
        "decl": {
          "start": {
            "line": 153,
            "column": 2
          },
          "end": {
            "line": 153,
            "column": 3
          }
        },
        "loc": {
          "start": {
            "line": 160,
            "column": 20
          },
          "end": {
            "line": 176,
            "column": 3
          }
        },
        "line": 160
      },
      "19": {
        "name": "(anonymous_19)",
        "decl": {
          "start": {
            "line": 180,
            "column": 19
          },
          "end": {
            "line": 180,
            "column": 20
          }
        },
        "loc": {
          "start": {
            "line": 180,
            "column": 41
          },
          "end": {
            "line": 180,
            "column": 64
          }
        },
        "line": 180
      },
      "20": {
        "name": "(anonymous_20)",
        "decl": {
          "start": {
            "line": 181,
            "column": 2
          },
          "end": {
            "line": 181,
            "column": 3
          }
        },
        "loc": {
          "start": {
            "line": 187,
            "column": 20
          },
          "end": {
            "line": 198,
            "column": 3
          }
        },
        "line": 187
      },
      "21": {
        "name": "(anonymous_21)",
        "decl": {
          "start": {
            "line": 202,
            "column": 19
          },
          "end": {
            "line": 202,
            "column": 20
          }
        },
        "loc": {
          "start": {
            "line": 202,
            "column": 41
          },
          "end": {
            "line": 202,
            "column": 64
          }
        },
        "line": 202
      },
      "22": {
        "name": "(anonymous_22)",
        "decl": {
          "start": {
            "line": 203,
            "column": 2
          },
          "end": {
            "line": 203,
            "column": 3
          }
        },
        "loc": {
          "start": {
            "line": 209,
            "column": 20
          },
          "end": {
            "line": 220,
            "column": 3
          }
        },
        "line": 209
      }
    },
    "branchMap": {
      "0": {
        "loc": {
          "start": {
            "line": 119,
            "column": 4
          },
          "end": {
            "line": 119,
            "column": 56
          }
        },
        "type": "binary-expr",
        "locations": [
          {
            "start": {
              "line": 119,
              "column": 4
            },
            "end": {
              "line": 119,
              "column": 18
            }
          },
          {
            "start": {
              "line": 119,
              "column": 22
            },
            "end": {
              "line": 119,
              "column": 37
            }
          },
          {
            "start": {
              "line": 119,
              "column": 41
            },
            "end": {
              "line": 119,
              "column": 56
            }
          }
        ],
        "line": 119
      },
      "1": {
        "loc": {
          "start": {
            "line": 123,
            "column": 29
          },
          "end": {
            "line": 123,
            "column": 72
          }
        },
        "type": "binary-expr",
        "locations": [
          {
            "start": {
              "line": 123,
              "column": 29
            },
            "end": {
              "line": 123,
              "column": 40
            }
          },
          {
            "start": {
              "line": 123,
              "column": 44
            },
            "end": {
              "line": 123,
              "column": 56
            }
          },
          {
            "start": {
              "line": 123,
              "column": 60
            },
            "end": {
              "line": 123,
              "column": 72
            }
          }
        ],
        "line": 123
      },
      "2": {
        "loc": {
          "start": {
            "line": 162,
            "column": 20
          },
          "end": {
            "line": 162,
            "column": 53
          }
        },
        "type": "cond-expr",
        "locations": [
          {
            "start": {
              "line": 162,
              "column": 43
            },
            "end": {
              "line": 162,
              "column": 44
            }
          },
          {
            "start": {
              "line": 162,
              "column": 47
            },
            "end": {
              "line": 162,
              "column": 53
            }
          }
        ],
        "line": 162
      },
      "3": {
        "loc": {
          "start": {
            "line": 163,
            "column": 20
          },
          "end": {
            "line": 163,
            "column": 53
          }
        },
        "type": "cond-expr",
        "locations": [
          {
            "start": {
              "line": 163,
              "column": 43
            },
            "end": {
              "line": 163,
              "column": 44
            }
          },
          {
            "start": {
              "line": 163,
              "column": 47
            },
            "end": {
              "line": 163,
              "column": 53
            }
          }
        ],
        "line": 163
      },
      "4": {
        "loc": {
          "start": {
            "line": 167,
            "column": 4
          },
          "end": {
            "line": 167,
            "column": 49
          }
        },
        "type": "if",
        "locations": [
          {
            "start": {
              "line": 167,
              "column": 4
            },
            "end": {
              "line": 167,
              "column": 49
            }
          },
          {
            "start": {},
            "end": {}
          }
        ],
        "line": 167
      },
      "5": {
        "loc": {
          "start": {
            "line": 168,
            "column": 4
          },
          "end": {
            "line": 168,
            "column": 49
          }
        },
        "type": "if",
        "locations": [
          {
            "start": {
              "line": 168,
              "column": 4
            },
            "end": {
              "line": 168,
              "column": 49
            }
          },
          {
            "start": {},
            "end": {}
          }
        ],
        "line": 168
      },
      "6": {
        "loc": {
          "start": {
            "line": 169,
            "column": 4
          },
          "end": {
            "line": 169,
            "column": 64
          }
        },
        "type": "if",
        "locations": [
          {
            "start": {
              "line": 169,
              "column": 4
            },
            "end": {
              "line": 169,
              "column": 64
            }
          },
          {
            "start": {},
            "end": {}
          }
        ],
        "line": 169
      },
      "7": {
        "loc": {
          "start": {
            "line": 170,
            "column": 4
          },
          "end": {
            "line": 170,
            "column": 68
          }
        },
        "type": "if",
        "locations": [
          {
            "start": {
              "line": 170,
              "column": 4
            },
            "end": {
              "line": 170,
              "column": 68
            }
          },
          {
            "start": {},
            "end": {}
          }
        ],
        "line": 170
      },
      "8": {
        "loc": {
          "start": {
            "line": 171,
            "column": 4
          },
          "end": {
            "line": 172,
            "column": 71
          }
        },
        "type": "if",
        "locations": [
          {
            "start": {
              "line": 171,
              "column": 4
            },
            "end": {
              "line": 172,
              "column": 71
            }
          },
          {
            "start": {},
            "end": {}
          }
        ],
        "line": 171
      },
      "9": {
        "loc": {
          "start": {
            "line": 173,
            "column": 4
          },
          "end": {
            "line": 173,
            "column": 54
          }
        },
        "type": "if",
        "locations": [
          {
            "start": {
              "line": 173,
              "column": 4
            },
            "end": {
              "line": 173,
              "column": 54
            }
          },
          {
            "start": {},
            "end": {}
          }
        ],
        "line": 173
      },
      "10": {
        "loc": {
          "start": {
            "line": 175,
            "column": 39
          },
          "end": {
            "line": 175,
            "column": 57
          }
        },
        "type": "cond-expr",
        "locations": [
          {
            "start": {
              "line": 175,
              "column": 51
            },
            "end": {
              "line": 175,
              "column": 53
            }
          },
          {
            "start": {
              "line": 175,
              "column": 56
            },
            "end": {
              "line": 175,
              "column": 57
            }
          }
        ],
        "line": 175
      },
      "11": {
        "loc": {
          "start": {
            "line": 196,
            "column": 13
          },
          "end": {
            "line": 196,
            "column": 43
          }
        },
        "type": "cond-expr",
        "locations": [
          {
            "start": {
              "line": 196,
              "column": 37
            },
            "end": {
              "line": 196,
              "column": 39
            }
          },
          {
            "start": {
              "line": 196,
              "column": 42
            },
            "end": {
              "line": 196,
              "column": 43
            }
          }
        ],
        "line": 196
      },
      "12": {
        "loc": {
          "start": {
            "line": 196,
            "column": 13
          },
          "end": {
            "line": 196,
            "column": 34
          }
        },
        "type": "binary-expr",
        "locations": [
          {
            "start": {
              "line": 196,
              "column": 13
            },
            "end": {
              "line": 196,
              "column": 22
            }
          },
          {
            "start": {
              "line": 196,
              "column": 26
            },
            "end": {
              "line": 196,
              "column": 34
            }
          }
        ],
        "line": 196
      },
      "13": {
        "loc": {
          "start": {
            "line": 218,
            "column": 13
          },
          "end": {
            "line": 218,
            "column": 30
          }
        },
        "type": "cond-expr",
        "locations": [
          {
            "start": {
              "line": 218,
              "column": 24
            },
            "end": {
              "line": 218,
              "column": 26
            }
          },
          {
            "start": {
              "line": 218,
              "column": 29
            },
            "end": {
              "line": 218,
              "column": 30
            }
          }
        ],
        "line": 218
      }
    },
    "s": {
      "0": 3,
      "1": 3,
      "2": 0,
      "3": 0,
      "4": 0,
      "5": 0,
      "6": 0,
      "7": 0,
      "8": 0,
      "9": 3,
      "10": 3,
      "11": 0,
      "12": 3,
      "13": 0,
      "14": 3,
      "15": 0,
      "16": 3,
      "17": 0,
      "18": 3,
      "19": 0,
      "20": 3,
      "21": 0,
      "22": 3,
      "23": 0,
      "24": 3,
      "25": 0,
      "26": 3,
      "27": 0,
      "28": 0,
      "29": 3,
      "30": 0,
      "31": 0,
      "32": 0,
      "33": 0,
      "34": 0,
      "35": 0,
      "36": 0,
      "37": 0,
      "38": 0,
      "39": 0,
      "40": 0,
      "41": 0,
      "42": 0,
      "43": 0,
      "44": 0,
      "45": 0,
      "46": 0,
      "47": 0,
      "48": 0,
      "49": 3,
      "50": 0,
      "51": 0,
      "52": 0,
      "53": 3,
      "54": 0,
      "55": 0,
      "56": 0
    },
    "f": {
      "0": 0,
      "1": 0,
      "2": 0,
      "3": 0,
      "4": 0,
      "5": 0,
      "6": 0,
      "7": 0,
      "8": 0,
      "9": 0,
      "10": 0,
      "11": 0,
      "12": 0,
      "13": 0,
      "14": 0,
      "15": 0,
      "16": 0,
      "17": 0,
      "18": 0,
      "19": 0,
      "20": 0,
      "21": 0,
      "22": 0
    },
    "b": {
      "0": [0, 0, 0],
      "1": [0, 0, 0],
      "2": [0, 0],
      "3": [0, 0],
      "4": [0, 0],
      "5": [0, 0],
      "6": [0, 0],
      "7": [0, 0],
      "8": [0, 0],
      "9": [0, 0],
      "10": [0, 0],
      "11": [0, 0],
      "12": [0, 0],
      "13": [0, 0]
    },
    "_coverageSchema": "1a1c01bbd47fc00a2c39e90264f33305004495a9",
    "hash": "091c48ecbe2db605a30784656137ea8adca944b7"
  },
  "/Users/karthickragavendran/Desktop/zillow-clone-safe/src/store/static.ts": {
    "path": "/Users/karthickragavendran/Desktop/zillow-clone-safe/src/store/static.ts",
    "statementMap": {
      "0": {
        "start": {
          "line": 3,
          "column": 30
        },
        "end": {
          "line": 3,
          "column": 33
        }
      },
      "1": {
        "start": {
          "line": 25,
          "column": 66
        },
        "end": {
          "line": 34,
          "column": 1
        }
      }
    },
    "fnMap": {},
    "branchMap": {},
    "s": {
      "0": 3,
      "1": 3
    },
    "f": {},
    "b": {},
    "_coverageSchema": "1a1c01bbd47fc00a2c39e90264f33305004495a9",
    "hash": "8ef6dce57ce82cdc55da388c8dd1886ebe835e45"
  },
  "/Users/karthickragavendran/Desktop/zillow-clone-safe/src/store/streams/index.ts": {
    "path": "/Users/karthickragavendran/Desktop/zillow-clone-safe/src/store/streams/index.ts",
    "statementMap": {
      "0": {
        "start": {
          "line": 20,
          "column": 33
        },
        "end": {
          "line": 55,
          "column": 1
        }
      },
      "1": {
        "start": {
          "line": 21,
          "column": 16
        },
        "end": {
          "line": 53,
          "column": 3
        }
      },
      "2": {
        "start": {
          "line": 22,
          "column": 19
        },
        "end": {
          "line": 22,
          "column": 39
        }
      },
      "3": {
        "start": {
          "line": 25,
          "column": 21
        },
        "end": {
          "line": 25,
          "column": 36
        }
      },
      "4": {
        "start": {
          "line": 28,
          "column": 6
        },
        "end": {
          "line": 28,
          "column": 71
        }
      },
      "5": {
        "start": {
          "line": 31,
          "column": 6
        },
        "end": {
          "line": 35,
          "column": 16
        }
      },
      "6": {
        "start": {
          "line": 34,
          "column": 31
        },
        "end": {
          "line": 34,
          "column": 46
        }
      },
      "7": {
        "start": {
          "line": 39,
          "column": 6
        },
        "end": {
          "line": 46,
          "column": 12
        }
      },
      "8": {
        "start": {
          "line": 40,
          "column": 49
        },
        "end": {
          "line": 45,
          "column": 11
        }
      },
      "9": {
        "start": {
          "line": 49,
          "column": 6
        },
        "end": {
          "line": 49,
          "column": 75
        }
      },
      "10": {
        "start": {
          "line": 52,
          "column": 21
        },
        "end": {
          "line": 52,
          "column": 29
        }
      },
      "11": {
        "start": {
          "line": 54,
          "column": 2
        },
        "end": {
          "line": 54,
          "column": 18
        }
      }
    },
    "fnMap": {
      "0": {
        "name": "(anonymous_0)",
        "decl": {
          "start": {
            "line": 20,
            "column": 33
          },
          "end": {
            "line": 20,
            "column": 34
          }
        },
        "loc": {
          "start": {
            "line": 20,
            "column": 66
          },
          "end": {
            "line": 55,
            "column": 1
          }
        },
        "line": 20
      },
      "1": {
        "name": "(anonymous_1)",
        "decl": {
          "start": {
            "line": 22,
            "column": 8
          },
          "end": {
            "line": 22,
            "column": 9
          }
        },
        "loc": {
          "start": {
            "line": 22,
            "column": 19
          },
          "end": {
            "line": 22,
            "column": 39
          }
        },
        "line": 22
      },
      "2": {
        "name": "(anonymous_2)",
        "decl": {
          "start": {
            "line": 25,
            "column": 11
          },
          "end": {
            "line": 25,
            "column": 12
          }
        },
        "loc": {
          "start": {
            "line": 25,
            "column": 21
          },
          "end": {
            "line": 25,
            "column": 36
          }
        },
        "line": 25
      },
      "3": {
        "name": "(anonymous_3)",
        "decl": {
          "start": {
            "line": 27,
            "column": 8
          },
          "end": {
            "line": 27,
            "column": 9
          }
        },
        "loc": {
          "start": {
            "line": 28,
            "column": 6
          },
          "end": {
            "line": 28,
            "column": 71
          }
        },
        "line": 28
      },
      "4": {
        "name": "(anonymous_4)",
        "decl": {
          "start": {
            "line": 30,
            "column": 14
          },
          "end": {
            "line": 30,
            "column": 15
          }
        },
        "loc": {
          "start": {
            "line": 31,
            "column": 6
          },
          "end": {
            "line": 35,
            "column": 16
          }
        },
        "line": 31
      },
      "5": {
        "name": "(anonymous_5)",
        "decl": {
          "start": {
            "line": 34,
            "column": 17
          },
          "end": {
            "line": 34,
            "column": 18
          }
        },
        "loc": {
          "start": {
            "line": 34,
            "column": 31
          },
          "end": {
            "line": 34,
            "column": 46
          }
        },
        "line": 34
      },
      "6": {
        "name": "(anonymous_6)",
        "decl": {
          "start": {
            "line": 38,
            "column": 8
          },
          "end": {
            "line": 38,
            "column": 9
          }
        },
        "loc": {
          "start": {
            "line": 39,
            "column": 6
          },
          "end": {
            "line": 46,
            "column": 12
          }
        },
        "line": 39
      },
      "7": {
        "name": "(anonymous_7)",
        "decl": {
          "start": {
            "line": 40,
            "column": 29
          },
          "end": {
            "line": 40,
            "column": 30
          }
        },
        "loc": {
          "start": {
            "line": 40,
            "column": 49
          },
          "end": {
            "line": 45,
            "column": 11
          }
        },
        "line": 40
      },
      "8": {
        "name": "(anonymous_8)",
        "decl": {
          "start": {
            "line": 48,
            "column": 8
          },
          "end": {
            "line": 48,
            "column": 9
          }
        },
        "loc": {
          "start": {
            "line": 48,
            "column": 19
          },
          "end": {
            "line": 50,
            "column": 5
          }
        },
        "line": 48
      },
      "9": {
        "name": "(anonymous_9)",
        "decl": {
          "start": {
            "line": 52,
            "column": 15
          },
          "end": {
            "line": 52,
            "column": 16
          }
        },
        "loc": {
          "start": {
            "line": 52,
            "column": 21
          },
          "end": {
            "line": 52,
            "column": 29
          }
        },
        "line": 52
      }
    },
    "branchMap": {
      "0": {
        "loc": {
          "start": {
            "line": 31,
            "column": 6
          },
          "end": {
            "line": 35,
            "column": 16
          }
        },
        "type": "cond-expr",
        "locations": [
          {
            "start": {
              "line": 32,
              "column": 10
            },
            "end": {
              "line": 34,
              "column": 47
            }
          },
          {
            "start": {
              "line": 35,
              "column": 10
            },
            "end": {
              "line": 35,
              "column": 16
            }
          }
        ],
        "line": 31
      },
      "1": {
        "loc": {
          "start": {
            "line": 39,
            "column": 6
          },
          "end": {
            "line": 46,
            "column": 12
          }
        },
        "type": "cond-expr",
        "locations": [
          {
            "start": {
              "line": 40,
              "column": 10
            },
            "end": {
              "line": 45,
              "column": 13
            }
          },
          {
            "start": {
              "line": 46,
              "column": 10
            },
            "end": {
              "line": 46,
              "column": 12
            }
          }
        ],
        "line": 39
      },
      "2": {
        "loc": {
          "start": {
            "line": 44,
            "column": 18
          },
          "end": {
            "line": 44,
            "column": 78
          }
        },
        "type": "binary-expr",
        "locations": [
          {
            "start": {
              "line": 44,
              "column": 18
            },
            "end": {
              "line": 44,
              "column": 73
            }
          },
          {
            "start": {
              "line": 44,
              "column": 77
            },
            "end": {
              "line": 44,
              "column": 78
            }
          }
        ],
        "line": 44
      }
    },
    "s": {
      "0": 3,
      "1": 3,
      "2": 3,
      "3": 3,
      "4": 0,
      "5": 0,
      "6": 0,
      "7": 0,
      "8": 0,
      "9": 0,
      "10": 0,
      "11": 3
    },
    "f": {
      "0": 3,
      "1": 3,
      "2": 3,
      "3": 0,
      "4": 0,
      "5": 0,
      "6": 0,
      "7": 0,
      "8": 0,
      "9": 0
    },
    "b": {
      "0": [0, 0],
      "1": [0, 0],
      "2": [0, 0]
    },
    "_coverageSchema": "1a1c01bbd47fc00a2c39e90264f33305004495a9",
    "hash": "4f043f6619ee7a386bd75598ba3a46ddc4221dd3"
  },
  "/Users/karthickragavendran/Desktop/zillow-clone-safe/src/store/index.ts": {
    "path": "/Users/karthickragavendran/Desktop/zillow-clone-safe/src/store/index.ts",
    "statementMap": {
      "0": {
        "start": {
          "line": 10,
          "column": 21
        },
        "end": {
          "line": 20,
          "column": 2
        }
      },
      "1": {
        "start": {
          "line": 17,
          "column": 4
        },
        "end": {
          "line": 19,
          "column": 6
        }
      },
      "2": {
        "start": {
          "line": 31,
          "column": 30
        },
        "end": {
          "line": 31,
          "column": 62
        }
      },
      "3": {
        "start": {
          "line": 31,
          "column": 36
        },
        "end": {
          "line": 31,
          "column": 62
        }
      },
      "4": {
        "start": {
          "line": 32,
          "column": 63
        },
        "end": {
          "line": 32,
          "column": 74
        }
      },
      "5": {
        "start": {
          "line": 34,
          "column": 22
        },
        "end": {
          "line": 34,
          "column": 33
        }
      },
      "6": {
        "start": {
          "line": 37,
          "column": 18
        },
        "end": {
          "line": 37,
          "column": 43
        }
      },
      "7": {
        "start": {
          "line": 39,
          "column": 0
        },
        "end": {
          "line": 39,
          "column": 17
        }
      }
    },
    "fnMap": {
      "0": {
        "name": "(anonymous_0)",
        "decl": {
          "start": {
            "line": 16,
            "column": 14
          },
          "end": {
            "line": 16,
            "column": 15
          }
        },
        "loc": {
          "start": {
            "line": 17,
            "column": 4
          },
          "end": {
            "line": 19,
            "column": 6
          }
        },
        "line": 17
      },
      "1": {
        "name": "(anonymous_1)",
        "decl": {
          "start": {
            "line": 31,
            "column": 30
          },
          "end": {
            "line": 31,
            "column": 31
          }
        },
        "loc": {
          "start": {
            "line": 31,
            "column": 36
          },
          "end": {
            "line": 31,
            "column": 62
          }
        },
        "line": 31
      }
    },
    "branchMap": {},
    "s": {
      "0": 3,
      "1": 3,
      "2": 3,
      "3": 0,
      "4": 3,
      "5": 3,
      "6": 3,
      "7": 3
    },
    "f": {
      "0": 3,
      "1": 0
    },
    "b": {},
    "_coverageSchema": "1a1c01bbd47fc00a2c39e90264f33305004495a9",
    "hash": "e91b41adcb65dd9e8dc4b71d347f2f1e16432919"
  },
  "/Users/karthickragavendran/Desktop/zillow-clone-safe/cypress/plugins/addCSS.js": {
    "path": "/Users/karthickragavendran/Desktop/zillow-clone-safe/cypress/plugins/addCSS.js",
    "statementMap": {
      "0": {
        "start": {
          "line": 1,
          "column": 0
        },
        "end": {
          "line": 10,
          "column": 2
        }
      },
      "1": {
        "start": {
          "line": 2,
          "column": 2
        },
        "end": {
          "line": 9,
          "column": 4
        }
      },
      "2": {
        "start": {
          "line": 3,
          "column": 4
        },
        "end": {
          "line": 8,
          "column": 5
        }
      },
      "3": {
        "start": {
          "line": 4,
          "column": 19
        },
        "end": {
          "line": 4,
          "column": 50
        }
      },
      "4": {
        "start": {
          "line": 5,
          "column": 6
        },
        "end": {
          "line": 5,
          "column": 32
        }
      },
      "5": {
        "start": {
          "line": 6,
          "column": 6
        },
        "end": {
          "line": 6,
          "column": 26
        }
      },
      "6": {
        "start": {
          "line": 7,
          "column": 6
        },
        "end": {
          "line": 7,
          "column": 37
        }
      }
    },
    "fnMap": {
      "0": {
        "name": "(anonymous_0)",
        "decl": {
          "start": {
            "line": 1,
            "column": 7
          },
          "end": {
            "line": 1,
            "column": 8
          }
        },
        "loc": {
          "start": {
            "line": 1,
            "column": 13
          },
          "end": {
            "line": 10,
            "column": 1
          }
        },
        "line": 1
      },
      "1": {
        "name": "(anonymous_1)",
        "decl": {
          "start": {
            "line": 2,
            "column": 52
          },
          "end": {
            "line": 2,
            "column": 53
          }
        },
        "loc": {
          "start": {
            "line": 2,
[...]
        },
        "end": {
          "line": 129,
          "column": 1
        }
      }
    },
    "fnMap": {},
    "branchMap": {},
    "s": {
      "0": 3,
      "1": 3
    },
    "f": {},
    "b": {},
    "_coverageSchema": "1a1c01bbd47fc00a2c39e90264f33305004495a9",
    "hash": "f04252ba41e7cca8bd8d5d338fb0612e033e4d2d"
  },
  "/Users/karthickragavendran/Desktop/zillow-clone-safe/src/mocks/data/homes.ts": {
    "path": "/Users/karthickragavendran/Desktop/zillow-clone-safe/src/mocks/data/homes.ts",
    "statementMap": {
      "0": {
        "start": {
          "line": 1,
          "column": 29
        },
        "end": {
          "line": 264,
          "column": 1
        }
      },
      "1": {
        "start": {
          "line": 266,
          "column": 45
        },
        "end": {
          "line": 317,
          "column": 1
        }
      },
      "2": {
        "start": {
          "line": 319,
          "column": 42
        },
        "end": {
          "line": 403,
          "column": 1
        }
      }
    },
    "fnMap": {},
    "branchMap": {},
    "s": {
      "0": 3,
      "1": 3,
      "2": 3
    },
    "f": {},
    "b": {},
    "_coverageSchema": "1a1c01bbd47fc00a2c39e90264f33305004495a9",
    "hash": "58b726eac454c0f6e6667d37b9e21866b9c93d87"
  },
  "/Users/karthickragavendran/Desktop/zillow-clone-safe/src/mocks/handlers.ts": {
    "path": "/Users/karthickragavendran/Desktop/zillow-clone-safe/src/mocks/handlers.ts",
    "statementMap": {
      "0": {
        "start": {
          "line": 7,
          "column": 18
        },
        "end": {
          "line": 9,
          "column": 1
        }
      },
      "1": {
        "start": {
          "line": 12,
          "column": 2
        },
        "end": {
          "line": 12,
          "column": 23
        }
      },
      "2": {
        "start": {
          "line": 14,
          "column": 29
        },
        "end": {
          "line": 16,
          "column": 1
        }
      },
      "3": {
        "start": {
          "line": 15,
          "column": 2
        },
        "end": {
          "line": 15,
          "column": 34
        }
      },
      "4": {
        "start": {
          "line": 18,
          "column": 28
        },
        "end": {
          "line": 21,
          "column": 1
        }
      },
      "5": {
        "start": {
          "line": 20,
          "column": 21
        },
        "end": {
          "line": 20,
          "column": 52
        }
      },
      "6": {
        "start": {
          "line": 23,
          "column": 20
        },
        "end": {
          "line": 44,
          "column": 1
        }
      },
      "7": {
        "start": {
          "line": 24,
          "column": 49
        },
        "end": {
          "line": 24,
          "column": 64
        }
      },
      "8": {
        "start": {
          "line": 25,
          "column": 14
        },
        "end": {
          "line": 25,
          "column": 22
        }
      },
      "9": {
        "start": {
          "line": 27,
          "column": 2
        },
        "end": {
          "line": 30,
          "column": 5
        }
      },
      "10": {
        "start": {
          "line": 28,
          "column": 4
        },
        "end": {
          "line": 30,
          "column": 5
        }
      },
      "11": {
        "start": {
          "line": 29,
          "column": 16
        },
        "end": {
          "line": 29,
          "column": 70
        }
      },
      "12": {
        "start": {
          "line": 31,
          "column": 2
        },
        "end": {
          "line": 34,
          "column": 5
        }
      },
      "13": {
        "start": {
          "line": 32,
          "column": 4
        },
        "end": {
          "line": 34,
          "column": 5
        }
      },
      "14": {
        "start": {
          "line": 33,
          "column": 16
        },
        "end": {
          "line": 33,
          "column": 66
        }
      },
      "15": {
        "start": {
          "line": 35,
          "column": 2
        },
        "end": {
          "line": 39,
          "column": 5
        }
      },
      "16": {
        "start": {
          "line": 36,
          "column": 4
        },
        "end": {
          "line": 39,
          "column": 5
        }
      },
      "17": {
        "start": {
          "line": 38,
          "column": 8
        },
        "end": {
          "line": 38,
          "column": 76
        }
      },
      "18": {
        "start": {
          "line": 40,
          "column": 2
        },
        "end": {
          "line": 40,
          "column": 67
        }
      },
      "19": {
        "start": {
          "line": 40,
          "column": 12
        },
        "end": {
          "line": 40,
          "column": 67
        }
      },
      "20": {
        "start": {
          "line": 40,
          "column": 43
        },
        "end": {
          "line": 40,
          "column": 66
        }
      },
      "21": {
        "start": {
          "line": 41,
          "column": 2
        },
        "end": {
          "line": 41,
          "column": 67
        }
      },
      "22": {
        "start": {
          "line": 41,
          "column": 12
        },
        "end": {
          "line": 41,
          "column": 67
        }
      },
      "23": {
        "start": {
          "line": 41,
          "column": 43
        },
        "end": {
          "line": 41,
          "column": 66
        }
      },
      "24": {
        "start": {
          "line": 43,
          "column": 2
        },
        "end": {
          "line": 43,
          "column": 14
        }
      },
      "25": {
        "start": {
          "line": 46,
          "column": 41
        },
        "end": {
          "line": 53,
          "column": 1
        }
      },
      "26": {
        "start": {
          "line": 49,
          "column": 22
        },
        "end": {
          "line": 49,
          "column": 35
        }
      },
      "27": {
        "start": {
          "line": 50,
          "column": 26
        },
        "end": {
          "line": 50,
          "column": 65
        }
      },
      "28": {
        "start": {
          "line": 51,
          "column": 4
        },
        "end": {
          "line": 51,
          "column": 50
        }
      },
      "29": {
        "start": {
          "line": 55,
          "column": 47
        },
        "end": {
          "line": 58,
          "column": 1
        }
      },
      "30": {
        "start": {
          "line": 57,
          "column": 21
        },
        "end": {
          "line": 57,
          "column": 78
        }
      },
      "31": {
        "start": {
          "line": 59,
          "column": 49
        },
        "end": {
          "line": 62,
          "column": 1
        }
      },
      "32": {
        "start": {
          "line": 61,
          "column": 21
        },
        "end": {
          "line": 61,
          "column": 70
        }
      },
      "33": {
        "start": {
          "line": 64,
          "column": 49
        },
        "end": {
          "line": 71,
          "column": 1
        }
      },
      "34": {
        "start": {
          "line": 67,
          "column": 22
        },
        "end": {
          "line": 67,
          "column": 35
        }
      },
      "35": {
        "start": {
          "line": 68,
          "column": 26
        },
        "end": {
          "line": 68,
          "column": 65
        }
      },
      "36": {
        "start": {
          "line": 69,
          "column": 4
        },
        "end": {
          "line": 69,
          "column": 50
        }
      },
      "37": {
        "start": {
          "line": 73,
          "column": 24
        },
        "end": {
          "line": 78,
          "column": 1
        }
      }
    },
    "fnMap": {
      "0": {
        "name": "(anonymous_0)",
        "decl": {
          "start": {
            "line": 14,
            "column": 56
          },
          "end": {
            "line": 14,
            "column": 57
          }
        },
        "loc": {
          "start": {
            "line": 15,
            "column": 2
          },
          "end": {
            "line": 15,
            "column": 34
          }
        },
        "line": 15
      },
      "1": {
        "name": "(anonymous_1)",
        "decl": {
          "start": {
            "line": 20,
            "column": 2
          },
          "end": {
            "line": 20,
            "column": 3
          }
        },
        "loc": {
          "start": {
            "line": 20,
            "column": 21
          },
          "end": {
            "line": 20,
            "column": 52
          }
        },
        "line": 20
      },
      "2": {
        "name": "(anonymous_2)",
        "decl": {
          "start": {
            "line": 23,
            "column": 20
          },
          "end": {
            "line": 23,
            "column": 21
          }
        },
        "loc": {
          "start": {
            "line": 23,
            "column": 74
          },
          "end": {
            "line": 44,
            "column": 1
          }
        },
        "line": 23
      },
      "3": {
        "name": "(anonymous_3)",
        "decl": {
          "start": {
            "line": 29,
            "column": 6
          },
          "end": {
            "line": 29,
            "column": 7
          }
        },
        "loc": {
          "start": {
            "line": 29,
            "column": 16
          },
          "end": {
            "line": 29,
            "column": 70
          }
        },
        "line": 29
      },
      "4": {
        "name": "(anonymous_4)",
        "decl": {
          "start": {
            "line": 33,
            "column": 6
          },
          "end": {
            "line": 33,
            "column": 7
          }
        },
        "loc": {
          "start": {
            "line": 33,
            "column": 16
          },
          "end": {
            "line": 33,
            "column": 66
          }
        },
        "line": 33
      },
      "5": {
        "name": "(anonymous_5)",
        "decl": {
          "start": {
            "line": 37,
            "column": 6
          },
          "end": {
            "line": 37,
            "column": 7
          }
        },
        "loc": {
          "start": {
            "line": 38,
            "column": 8
          },
          "end": {
            "line": 38,
            "column": 76
          }
        },
        "line": 38
      },
      "6": {
        "name": "(anonymous_6)",
        "decl": {
          "start": {
            "line": 40,
            "column": 33
          },
          "end": {
            "line": 40,
            "column": 34
          }
        },
        "loc": {
          "start": {
            "line": 40,
            "column": 43
          },
          "end": {
            "line": 40,
            "column": 66
          }
        },
        "line": 40
      },
      "7": {
        "name": "(anonymous_7)",
        "decl": {
          "start": {
            "line": 41,
            "column": 33
          },
          "end": {
            "line": 41,
            "column": 34
          }
        },
        "loc": {
          "start": {
            "line": 41,
            "column": 43
          },
          "end": {
            "line": 41,
            "column": 66
          }
        },
        "line": 41
      },
      "8": {
        "name": "(anonymous_8)",
        "decl": {
          "start": {
            "line": 48,
            "column": 2
          },
          "end": {
            "line": 48,
            "column": 3
          }
        },
        "loc": {
          "start": {
            "line": 48,
            "column": 21
          },
          "end": {
            "line": 52,
            "column": 3
          }
        },
        "line": 48
      },
      "9": {
        "name": "(anonymous_9)",
        "decl": {
          "start": {
            "line": 57,
            "column": 2
          },
          "end": {
            "line": 57,
            "column": 3
          }
        },
        "loc": {
          "start": {
            "line": 57,
            "column": 21
          },
          "end": {
            "line": 57,
            "column": 78
          }
        },
        "line": 57
      },
      "10": {
        "name": "(anonymous_10)",
        "decl": {
          "start": {
            "line": 61,
            "column": 2
          },
          "end": {
            "line": 61,
            "column": 3
          }
        },
        "loc": {
          "start": {
            "line": 61,
            "column": 21
          },
          "end": {
            "line": 61,
            "column": 70
          }
        },
        "line": 61
      },
      "11": {
        "name": "(anonymous_11)",
        "decl": {
          "start": {
            "line": 66,
            "column": 2
          },
          "end": {
            "line": 66,
            "column": 3
          }
        },
        "loc": {
          "start": {
            "line": 66,
            "column": 21
          },
          "end": {
            "line": 70,
            "column": 3
          }
        },
        "line": 66
      }
    },
    "branchMap": {
      "0": {
        "loc": {
          "start": {
            "line": 27,
            "column": 2
          },
          "end": {
            "line": 30,
            "column": 5
          }
        },
        "type": "if",
        "locations": [
          {
            "start": {
              "line": 27,
              "column": 2
            },
            "end": {
              "line": 30,
              "column": 5
            }
          },
          {
            "start": {},
            "end": {}
          }
        ],
        "line": 27
      },
      "1": {
        "loc": {
          "start": {
            "line": 29,
            "column": 16
          },
          "end": {
            "line": 29,
            "column": 70
          }
        },
        "type": "binary-expr",
        "locations": [
          {
            "start": {
              "line": 29,
              "column": 16
            },
            "end": {
              "line": 29,
              "column": 41
            }
          },
          {
            "start": {
              "line": 29,
              "column": 45
            },
            "end": {
              "line": 29,
              "column": 70
            }
          }
        ],
        "line": 29
      },
      "2": {
        "loc": {
          "start": {
            "line": 31,
            "column": 2
          },
          "end": {
            "line": 34,
            "column": 5
          }
        },
        "type": "if",
        "locations": [
          {
            "start": {
              "line": 31,
              "column": 2
            },
            "end": {
              "line": 34,
              "column": 5
            }
          },
          {
            "start": {},
            "end": {}
          }
        ],
        "line": 31
      },
      "3": {
        "loc": {
          "start": {
            "line": 33,
            "column": 16
          },
          "end": {
            "line": 33,
            "column": 66
          }
        },
        "type": "binary-expr",
        "locations": [
          {
            "start": {
              "line": 33,
              "column": 16
            },
            "end": {
              "line": 33,
              "column": 39
            }
          },
          {
            "start": {
              "line": 33,
              "column": 43
            },
            "end": {
              "line": 33,
              "column": 66
            }
          }
        ],
        "line": 33
      },
      "4": {
        "loc": {
          "start": {
            "line": 35,
            "column": 2
          },
          "end": {
            "line": 39,
            "column": 5
          }
        },
        "type": "if",
        "locations": [
          {
            "start": {
              "line": 35,
              "column": 2
            },
            "end": {
              "line": 39,
              "column": 5
            }
          },
          {
            "start": {},
            "end": {}
          }
        ],
        "line": 35
      },
      "5": {
        "loc": {
          "start": {
            "line": 38,
            "column": 8
          },
          "end": {
            "line": 38,
            "column": 76
          }
        },
        "type": "binary-expr",
        "locations": [
          {
            "start": {
              "line": 38,
              "column": 8
            },
            "end": {
              "line": 38,
              "column": 40
            }
          },
          {
            "start": {
              "line": 38,
              "column": 44
            },
            "end": {
              "line": 38,
              "column": 76
            }
          }
        ],
        "line": 38
      },
      "6": {
        "loc": {
          "start": {
            "line": 40,
            "column": 2
          },
          "end": {
            "line": 40,
            "column": 67
          }
        },
        "type": "if",
        "locations": [
          {
            "start": {
              "line": 40,
              "column": 2
            },
            "end": {
              "line": 40,
              "column": 67
            }
          },
          {
            "start": {},
            "end": {}
          }
        ],
        "line": 40
      },
      "7": {
        "loc": {
          "start": {
            "line": 41,
            "column": 2
          },
          "end": {
            "line": 41,
            "column": 67
          }
        },
        "type": "if",
        "locations": [
          {
            "start": {
              "line": 41,
              "column": 2
            },
            "end": {
              "line": 41,
              "column": 67
            }
          },
          {
            "start": {},
            "end": {}
          }
        ],
        "line": 41
      }
    },
    "s": {
      "0": 3,
      "1": 3,
      "2": 3,
      "3": 0,
      "4": 3,
      "5": 0,
      "6": 3,
      "7": 0,
      "8": 0,
      "9": 0,
      "10": 0,
      "11": 0,
      "12": 0,
      "13": 0,
      "14": 0,
      "15": 0,
      "16": 0,
      "17": 0,
      "18": 0,
      "19": 0,
      "20": 0,
      "21": 0,
      "22": 0,
      "23": 0,
      "24": 0,
      "25": 3,
      "26": 0,
      "27": 0,
      "28": 0,
      "29": 3,
      "30": 0,
      "31": 3,
      "32": 0,
      "33": 3,
      "34": 0,
      "35": 0,
      "36": 0,
      "37": 3
    },
    "f": {
      "0": 0,
      "1": 0,
      "2": 0,
      "3": 0,
      "4": 0,
      "5": 0,
      "6": 0,
      "7": 0,
      "8": 0,
      "9": 0,
      "10": 0,
      "11": 0
    },
    "b": {
      "0": [0, 0],
      "1": [0, 0],
      "2": [0, 0],
      "3": [0, 0],
      "4": [0, 0],
      "5": [0, 0],
      "6": [0, 0],
      "7": [0, 0]
    },
    "_coverageSchema": "1a1c01bbd47fc00a2c39e90264f33305004495a9",
    "hash": "580abd83f20d9407ad4071c1d1816526f3e3dfd0"
  },
  "/Users/karthickragavendran/Desktop/zillow-clone-safe/src/mocks/mswWorker.ts": {
    "path": "/Users/karthickragavendran/Desktop/zillow-clone-safe/src/mocks/mswWorker.ts",
    "statementMap": {
      "0": {
        "start": {
          "line": 4,
          "column": 25
        },
        "end": {
          "line": 4,
          "column": 49
        }
      }
    },
    "fnMap": {},
    "branchMap": {},
    "s": {
      "0": 3
    },
    "f": {},
    "b": {},
    "_coverageSchema": "1a1c01bbd47fc00a2c39e90264f33305004495a9",
    "hash": "905381914dd70832bc87a94ee9c500b6a1759123"
  }
}
